{"C:\\Users\\asnk6\\Projects\\hf-space-copy\\components\\ui\\badge.tsx": {"path":"C:\\Users\\asnk6\\Projects\\hf-space-copy\\components\\ui\\badge.tsx","statementMap":{"0":{"start":{"line":6,"column":22},"end":{"line":23,"column":1}},"1":{"start":{"line":30,"column":2},"end":{"line":30,"column":82}}},"fnMap":{"0":{"name":"Badge","decl":{"start":{"line":29,"column":9},"end":{"line":29,"column":14}},"loc":{"start":{"line":29,"column":61},"end":{"line":31,"column":1}},"line":29}},"branchMap":{},"s":{"0":1,"1":1},"f":{"0":1},"b":{},"_coverageSchema":"1a1c01bbd47fc00a2c39e90264f33305004495a9","hash":"1c97c0a24cf01fd376f8ef012159932498710db0"}
,"C:\\Users\\asnk6\\Projects\\hf-space-copy\\components\\ui\\button.tsx": {"path":"C:\\Users\\asnk6\\Projects\\hf-space-copy\\components\\ui\\button.tsx","statementMap":{"0":{"start":{"line":6,"column":23},"end":{"line":37,"column":1}},"1":{"start":{"line":52,"column":22},"end":{"line":66,"column":1}},"2":{"start":{"line":54,"column":27},"end":{"line":54,"column":91}},"3":{"start":{"line":56,"column":4},"end":{"line":64,"column":6}},"4":{"start":{"line":68,"column":0},"end":{"line":68,"column":30}}},"fnMap":{"0":{"name":"(anonymous_0)","decl":{"start":{"line":53,"column":2},"end":{"line":53,"column":3}},"loc":{"start":{"line":53,"column":80},"end":{"line":65,"column":3}},"line":53}},"branchMap":{"0":{"loc":{"start":{"line":54,"column":28},"end":{"line":54,"column":58}},"type":"binary-expr","locations":[{"start":{"line":54,"column":28},"end":{"line":54,"column":34}},{"start":{"line":54,"column":38},"end":{"line":54,"column":45}},{"start":{"line":54,"column":49},"end":{"line":54,"column":58}}],"line":54}},"s":{"0":1,"1":1,"2":1,"3":1,"4":1},"f":{"0":1},"b":{"0":[1,1,1]},"_coverageSchema":"1a1c01bbd47fc00a2c39e90264f33305004495a9","hash":"f74cd735f7c7cb268677d990614fbda7bd30341a"}
,"C:\\Users\\asnk6\\Projects\\hf-space-copy\\components\\ui\\card.tsx": {"path":"C:\\Users\\asnk6\\Projects\\hf-space-copy\\components\\ui\\card.tsx","statementMap":{"0":{"start":{"line":11,"column":20},"end":{"line":23,"column":1}},"1":{"start":{"line":13,"column":4},"end":{"line":21,"column":6}},"2":{"start":{"line":24,"column":0},"end":{"line":24,"column":26}},"3":{"start":{"line":28,"column":26},"end":{"line":36,"column":1}},"4":{"start":{"line":30,"column":4},"end":{"line":34,"column":6}},"5":{"start":{"line":37,"column":0},"end":{"line":37,"column":38}},"6":{"start":{"line":41,"column":25},"end":{"line":49,"column":1}},"7":{"start":{"line":43,"column":4},"end":{"line":47,"column":6}},"8":{"start":{"line":50,"column":0},"end":{"line":50,"column":36}},"9":{"start":{"line":54,"column":31},"end":{"line":62,"column":1}},"10":{"start":{"line":56,"column":4},"end":{"line":60,"column":6}},"11":{"start":{"line":63,"column":0},"end":{"line":63,"column":48}},"12":{"start":{"line":67,"column":27},"end":{"line":75,"column":1}},"13":{"start":{"line":69,"column":4},"end":{"line":73,"column":6}},"14":{"start":{"line":76,"column":0},"end":{"line":76,"column":40}},"15":{"start":{"line":80,"column":26},"end":{"line":88,"column":1}},"16":{"start":{"line":82,"column":4},"end":{"line":86,"column":6}},"17":{"start":{"line":89,"column":0},"end":{"line":89,"column":38}}},"fnMap":{"0":{"name":"(anonymous_0)","decl":{"start":{"line":12,"column":2},"end":{"line":12,"column":3}},"loc":{"start":{"line":12,"column":46},"end":{"line":22,"column":3}},"line":12},"1":{"name":"(anonymous_1)","decl":{"start":{"line":29,"column":2},"end":{"line":29,"column":3}},"loc":{"start":{"line":29,"column":46},"end":{"line":35,"column":3}},"line":29},"2":{"name":"(anonymous_2)","decl":{"start":{"line":42,"column":2},"end":{"line":42,"column":3}},"loc":{"start":{"line":42,"column":46},"end":{"line":48,"column":3}},"line":42},"3":{"name":"(anonymous_3)","decl":{"start":{"line":55,"column":2},"end":{"line":55,"column":3}},"loc":{"start":{"line":55,"column":46},"end":{"line":61,"column":3}},"line":55},"4":{"name":"(anonymous_4)","decl":{"start":{"line":68,"column":2},"end":{"line":68,"column":3}},"loc":{"start":{"line":68,"column":46},"end":{"line":74,"column":3}},"line":68},"5":{"name":"(anonymous_5)","decl":{"start":{"line":81,"column":2},"end":{"line":81,"column":3}},"loc":{"start":{"line":81,"column":46},"end":{"line":87,"column":3}},"line":81}},"branchMap":{},"s":{"0":1,"1":1,"2":1,"3":1,"4":1,"5":1,"6":1,"7":1,"8":1,"9":1,"10":1,"11":1,"12":1,"13":1,"14":1,"15":1,"16":1,"17":1},"f":{"0":1,"1":1,"2":1,"3":1,"4":1,"5":1},"b":{},"_coverageSchema":"1a1c01bbd47fc00a2c39e90264f33305004495a9","hash":"3296913148e3c5825a04c8ddd0d5bcac18efef12"}
,"C:\\Users\\asnk6\\Projects\\hf-space-copy\\components\\ui\\input.tsx": {"path":"C:\\Users\\asnk6\\Projects\\hf-space-copy\\components\\ui\\input.tsx","statementMap":{"0":{"start":{"line":7,"column":2},"end":{"line":12,"column":4}}},"fnMap":{"0":{"name":"Input","decl":{"start":{"line":6,"column":16},"end":{"line":6,"column":21}},"loc":{"start":{"line":6,"column":41},"end":{"line":13,"column":1}},"line":6}},"branchMap":{"0":{"loc":{"start":{"line":10,"column":126},"end":{"line":10,"column":147}},"type":"binary-expr","locations":[{"start":{"line":10,"column":126},"end":{"line":10,"column":141}},{"start":{"line":10,"column":145},"end":{"line":10,"column":147}}],"line":10}},"s":{"0":1},"f":{"0":1},"b":{"0":[1,1]},"_coverageSchema":"1a1c01bbd47fc00a2c39e90264f33305004495a9","hash":"d9e2bdb523255f3e0155e45419c8073fd4c9b969"}
,"C:\\Users\\asnk6\\Projects\\hf-space-copy\\components\\ui\\label.tsx": {"path":"C:\\Users\\asnk6\\Projects\\hf-space-copy\\components\\ui\\label.tsx","statementMap":{"0":{"start":{"line":5,"column":22},"end":{"line":20,"column":2}},"1":{"start":{"line":30,"column":2},"end":{"line":34,"column":4}}},"fnMap":{"0":{"name":"Label","decl":{"start":{"line":29,"column":16},"end":{"line":29,"column":21}},"loc":{"start":{"line":29,"column":84},"end":{"line":35,"column":1}},"line":29}},"branchMap":{},"s":{"0":1,"1":1},"f":{"0":1},"b":{},"_coverageSchema":"1a1c01bbd47fc00a2c39e90264f33305004495a9","hash":"3dd04379ef7191c2b35e6f05d23ba0d43d5e228a"}
,"C:\\Users\\asnk6\\Projects\\hf-space-copy\\components\\ui\\textarea.tsx": {"path":"C:\\Users\\asnk6\\Projects\\hf-space-copy\\components\\ui\\textarea.tsx","statementMap":{"0":{"start":{"line":7,"column":17},"end":{"line":20,"column":1}},"1":{"start":{"line":9,"column":4},"end":{"line":18,"column":6}},"2":{"start":{"line":22,"column":0},"end":{"line":22,"column":34}}},"fnMap":{"0":{"name":"(anonymous_0)","decl":{"start":{"line":8,"column":2},"end":{"line":8,"column":3}},"loc":{"start":{"line":8,"column":36},"end":{"line":19,"column":3}},"line":8}},"branchMap":{},"s":{"0":1,"1":1,"2":1},"f":{"0":1},"b":{},"_coverageSchema":"1a1c01bbd47fc00a2c39e90264f33305004495a9","hash":"d75fddd3873b24e53501bc12bf8961d5297243aa"}
,"C:\\Users\\asnk6\\Projects\\hf-space-copy\\lib\\utils.ts": {"path":"C:\\Users\\asnk6\\Projects\\hf-space-copy\\lib\\utils.ts","statementMap":{"0":{"start":{"line":5,"column":2},"end":{"line":5,"column":31}}},"fnMap":{"0":{"name":"cn","decl":{"start":{"line":4,"column":16},"end":{"line":4,"column":18}},"loc":{"start":{"line":4,"column":37},"end":{"line":6,"column":1}},"line":4}},"branchMap":{},"s":{"0":10},"f":{"0":10},"b":{},"_coverageSchema":"1a1c01bbd47fc00a2c39e90264f33305004495a9","hash":"504f29edd33d668c15915ac2718d6aca9873d113"}
}
