{
  "C:\\Users\\Public\\hf-space-copy\\app\\layout.tsx": {
    "path": "C:\\Users\\Public\\hf-space-copy\\app\\layout.tsx",
    "statementMap": {
      "0": { "start": { "line": 6, "column": 24 }, "end": { "line": 6, "column": 35 } },
      "1": { "start": { "line": 1, "column": 13 }, "end": { "line": 1, "column": 21 } },
      "2": { "start": { "line": 1, "column": 24 }, "end": { "line": 4, "column": null } }
    },
    "fnMap": {
      "0": {
        "name": "RootLayout",
        "decl": { "start": { "line": 6, "column": 24 }, "end": { "line": 6, "column": 35 } },
        "loc": { "start": { "line": 6, "column": 78 }, "end": { "line": 12, "column": 1 } }
      }
    },
    "branchMap": {},
    "s": { "0": 0, "1": 0, "2": 0 },
    "f": { "0": 0 },
    "b": {}
  },
  "C:\\Users\\Public\\hf-space-copy\\app\\page.tsx": {
    "path": "C:\\Users\\Public\\hf-space-copy\\app\\page.tsx",
    "statementMap": {
      "0": { "start": { "line": 16, "column": 24 }, "end": { "line": 16, "column": null } },
      "1": { "start": { "line": 4, "column": 43 }, "end": { "line": 4, "column": null } },
      "2": { "start": { "line": 17, "column": 28 }, "end": { "line": 17, "column": null } },
      "3": { "start": { "line": 18, "column": 32 }, "end": { "line": 18, "column": null } },
      "4": { "start": { "line": 19, "column": 28 }, "end": { "line": 19, "column": null } },
      "5": { "start": { "line": 23, "column": 4 }, "end": { "line": 25, "column": null } },
      "6": { "start": { "line": 27, "column": 2 }, "end": { "line": 52, "column": null } },
      "7": { "start": { "line": 29, "column": 6 }, "end": { "line": 29, "column": null } },
      "8": { "start": { "line": 30, "column": 6 }, "end": { "line": 30, "column": null } },
      "9": { "start": { "line": 31, "column": 6 }, "end": { "line": 48, "column": null } },
      "10": { "start": { "line": 32, "column": 27 }, "end": { "line": 32, "column": null } },
      "11": { "start": { "line": 33, "column": 25 }, "end": { "line": 33, "column": null } },
      "12": { "start": { "line": 34, "column": 8 }, "end": { "line": 36, "column": null } },
      "13": { "start": { "line": 35, "column": 10 }, "end": { "line": 35, "column": null } },
      "14": { "start": { "line": 37, "column": 21 }, "end": { "line": 37, "column": null } },
      "15": { "start": { "line": 38, "column": 8 }, "end": { "line": 38, "column": null } },
      "16": { "start": { "line": 40, "column": 8 }, "end": { "line": 40, "column": null } },
      "17": { "start": { "line": 41, "column": 8 }, "end": { "line": 45, "column": null } },
      "18": { "start": { "line": 42, "column": 10 }, "end": { "line": 42, "column": null } },
      "19": { "start": { "line": 44, "column": 10 }, "end": { "line": 44, "column": null } },
      "20": { "start": { "line": 47, "column": 8 }, "end": { "line": 47, "column": null } },
      "21": { "start": { "line": 51, "column": 4 }, "end": { "line": 51, "column": null } },
      "22": { "start": { "line": 100, "column": 12 }, "end": { "line": 101, "column": null } }
    },
    "fnMap": {
      "0": {
        "name": "HomePage",
        "decl": { "start": { "line": 16, "column": 24 }, "end": { "line": 16, "column": null } },
        "loc": { "start": { "line": 16, "column": 24 }, "end": { "line": 138, "column": null } }
      },
      "1": {
        "name": "(anonymous_5)",
        "decl": { "start": { "line": 27, "column": 12 }, "end": { "line": 27, "column": null } },
        "loc": { "start": { "line": 27, "column": 12 }, "end": { "line": 52, "column": 5 } }
      },
      "2": {
        "name": "loadTasks",
        "decl": { "start": { "line": 28, "column": 19 }, "end": { "line": 28, "column": null } },
        "loc": { "start": { "line": 28, "column": 19 }, "end": { "line": 49, "column": null } }
      },
      "3": {
        "name": "(anonymous_7)",
        "decl": { "start": { "line": 99, "column": 21 }, "end": { "line": 99, "column": null } },
        "loc": { "start": { "line": 100, "column": 12 }, "end": { "line": 101, "column": null } }
      }
    },
    "branchMap": {
      "0": {
        "loc": { "start": { "line": 23, "column": 4 }, "end": { "line": 25, "column": null } },
        "type": "cond-expr",
        "locations": [
          { "start": { "line": 24, "column": 9 }, "end": { "line": 24, "column": null } },
          { "start": { "line": 25, "column": 8 }, "end": { "line": 25, "column": null } }
        ]
      },
      "1": {
        "loc": { "start": { "line": 24, "column": 9 }, "end": { "line": 24, "column": null } },
        "type": "binary-expr",
        "locations": [
          { "start": { "line": 24, "column": 9 }, "end": { "line": 24, "column": 69 } },
          { "start": { "line": 24, "column": 69 }, "end": { "line": 24, "column": null } }
        ]
      },
      "2": {
        "loc": { "start": { "line": 32, "column": 27 }, "end": { "line": 32, "column": null } },
        "type": "cond-expr",
        "locations": [
          { "start": { "line": 32, "column": 40 }, "end": { "line": 32, "column": 82 } },
          { "start": { "line": 32, "column": 85 }, "end": { "line": 32, "column": null } }
        ]
      },
      "3": {
        "loc": { "start": { "line": 34, "column": 8 }, "end": { "line": 36, "column": null } },
        "type": "if",
        "locations": [
          { "start": { "line": 34, "column": 8 }, "end": { "line": 36, "column": null } },
          { "start": {}, "end": {} }
        ]
      },
      "4": {
        "loc": { "start": { "line": 38, "column": 17 }, "end": { "line": 38, "column": 60 } },
        "type": "cond-expr",
        "locations": [
          { "start": { "line": 38, "column": 45 }, "end": { "line": 38, "column": 55 } },
          { "start": { "line": 38, "column": 58 }, "end": { "line": 38, "column": 60 } }
        ]
      },
      "5": {
        "loc": { "start": { "line": 41, "column": 8 }, "end": { "line": 45, "column": null } },
        "type": "if",
        "locations": [
          { "start": { "line": 41, "column": 8 }, "end": { "line": 45, "column": null } },
          { "start": { "line": 43, "column": 15 }, "end": { "line": 45, "column": null } }
        ]
      },
      "6": {
        "loc": { "start": { "line": 82, "column": 9 }, "end": { "line": 82, "column": 20 } },
        "type": "binary-expr",
        "locations": [{ "start": { "line": 82, "column": 9 }, "end": { "line": 82, "column": 20 } }]
      },
      "7": {
        "loc": { "start": { "line": 83, "column": 9 }, "end": { "line": 83, "column": null } },
        "type": "binary-expr",
        "locations": [
          { "start": { "line": 83, "column": 9 }, "end": { "line": 83, "column": null } }
        ]
      },
      "8": {
        "loc": { "start": { "line": 89, "column": 9 }, "end": { "line": 89, "column": 21 } },
        "type": "binary-expr",
        "locations": [
          { "start": { "line": 89, "column": 9 }, "end": { "line": 89, "column": 21 } },
          { "start": { "line": 89, "column": 21 }, "end": { "line": 89, "column": 31 } },
          { "start": { "line": 89, "column": 31 }, "end": { "line": 89, "column": 53 } }
        ]
      },
      "9": {
        "loc": { "start": { "line": 110, "column": 57 }, "end": { "line": 110, "column": 72 } },
        "type": "binary-expr",
        "locations": [
          { "start": { "line": 110, "column": 57 }, "end": { "line": 110, "column": 64 } },
          { "start": { "line": 110, "column": 68 }, "end": { "line": 110, "column": 72 } }
        ]
      },
      "10": {
        "loc": { "start": { "line": 111, "column": 50 }, "end": { "line": 111, "column": null } },
        "type": "binary-expr",
        "locations": [
          { "start": { "line": 111, "column": 50 }, "end": { "line": 111, "column": 60 } },
          { "start": { "line": 111, "column": 64 }, "end": { "line": 111, "column": null } }
        ]
      },
      "11": {
        "loc": { "start": { "line": 113, "column": 61 }, "end": { "line": 113, "column": null } },
        "type": "binary-expr",
        "locations": [
          { "start": { "line": 113, "column": 61 }, "end": { "line": 113, "column": 74 } },
          { "start": { "line": 113, "column": 78 }, "end": { "line": 113, "column": null } }
        ]
      },
      "12": {
        "loc": { "start": { "line": 122, "column": 33 }, "end": { "line": 122, "column": null } },
        "type": "binary-expr",
        "locations": [
          { "start": { "line": 122, "column": 33 }, "end": { "line": 122, "column": 45 } },
          { "start": { "line": 122, "column": 49 }, "end": { "line": 122, "column": null } }
        ]
      },
      "13": {
        "loc": { "start": { "line": 123, "column": 31 }, "end": { "line": 123, "column": null } },
        "type": "binary-expr",
        "locations": [
          { "start": { "line": 123, "column": 31 }, "end": { "line": 123, "column": 39 } },
          { "start": { "line": 123, "column": 43 }, "end": { "line": 123, "column": null } }
        ]
      },
      "14": {
        "loc": { "start": { "line": 126, "column": 27 }, "end": { "line": 126, "column": null } },
        "type": "cond-expr",
        "locations": [
          { "start": { "line": 126, "column": 40 }, "end": { "line": 126, "column": 80 } },
          { "start": { "line": 126, "column": 80 }, "end": { "line": 126, "column": null } }
        ]
      }
    },
    "s": {
      "0": 1,
      "1": 1,
      "2": 3,
      "3": 2,
      "4": 2,
      "5": 2,
      "6": 2,
      "7": 1,
      "8": 1,
      "9": 1,
      "10": 1,
      "11": 1,
      "12": 1,
      "13": 0,
      "14": 1,
      "15": 1,
      "16": 0,
      "17": 0,
      "18": 0,
      "19": 0,
      "20": 1,
      "21": 1,
      "22": 0
    },
    "f": { "0": 3, "1": 1, "2": 1, "3": 0 },
    "b": {
      "0": [2, 0],
      "1": [2, 2],
      "2": [0, 1],
      "3": [0, 1],
      "4": [1, 0],
      "5": [0, 0],
      "6": [2],
      "7": [2],
      "8": [2, 1, 1],
      "9": [0, 0],
      "10": [0, 0],
      "11": [0, 0],
      "12": [0, 0],
      "13": [0, 0],
      "14": [0, 0]
    }
  },
  "C:\\Users\\Public\\hf-space-copy\\app\\admin\\institutions\\page.tsx": {
    "path": "C:\\Users\\Public\\hf-space-copy\\app\\admin\\institutions\\page.tsx",
    "statementMap": {
      "0": { "start": { "line": 6, "column": 24 }, "end": { "line": 6, "column": null } },
      "1": { "start": { "line": 1, "column": 13 }, "end": { "line": 1, "column": 20 } },
      "2": { "start": { "line": 2, "column": 31 }, "end": { "line": 2, "column": null } },
      "3": { "start": { "line": 3, "column": 24 }, "end": { "line": 3, "column": null } },
      "4": { "start": { "line": 4, "column": 34 }, "end": { "line": 4, "column": null } },
      "5": { "start": { "line": 1, "column": 23 }, "end": { "line": 1, "column": null } }
    },
    "fnMap": {
      "0": {
        "name": "AdminInstitutionsPage",
        "decl": { "start": { "line": 6, "column": 24 }, "end": { "line": 6, "column": null } },
        "loc": { "start": { "line": 6, "column": 24 }, "end": { "line": 27, "column": 1 } }
      }
    },
    "branchMap": {},
    "s": { "0": 0, "1": 0, "2": 0, "3": 0, "4": 0, "5": 0 },
    "f": { "0": 0 },
    "b": {}
  },
  "C:\\Users\\Public\\hf-space-copy\\app\\admin\\users\\page.tsx": {
    "path": "C:\\Users\\Public\\hf-space-copy\\app\\admin\\users\\page.tsx",
    "statementMap": {
      "0": { "start": { "line": 6, "column": 24 }, "end": { "line": 6, "column": null } },
      "1": { "start": { "line": 1, "column": 13 }, "end": { "line": 1, "column": 20 } },
      "2": { "start": { "line": 2, "column": 31 }, "end": { "line": 2, "column": null } },
      "3": { "start": { "line": 3, "column": 24 }, "end": { "line": 3, "column": null } },
      "4": { "start": { "line": 4, "column": 27 }, "end": { "line": 4, "column": null } },
      "5": { "start": { "line": 1, "column": 23 }, "end": { "line": 1, "column": null } }
    },
    "fnMap": {
      "0": {
        "name": "AdminUsersPage",
        "decl": { "start": { "line": 6, "column": 24 }, "end": { "line": 6, "column": null } },
        "loc": { "start": { "line": 6, "column": 24 }, "end": { "line": 25, "column": 1 } }
      }
    },
    "branchMap": {},
    "s": { "0": 0, "1": 0, "2": 0, "3": 0, "4": 0, "5": 0 },
    "f": { "0": 0 },
    "b": {}
  },
  "C:\\Users\\Public\\hf-space-copy\\app\\api\\debug\\sheets\\route.js": {
    "path": "C:\\Users\\Public\\hf-space-copy\\app\\api\\debug\\sheets\\route.js",
    "statementMap": {
      "0": { "start": { "line": 4, "column": 22 }, "end": { "line": 4, "column": 25 } },
      "1": { "start": { "line": 2, "column": 13 }, "end": { "line": 2, "column": 20 } },
      "2": { "start": { "line": 1, "column": 13 }, "end": { "line": 1, "column": 20 } },
      "3": { "start": { "line": 1, "column": 23 }, "end": { "line": 1, "column": null } },
      "4": { "start": { "line": 2, "column": 23 }, "end": { "line": 2, "column": null } },
      "5": { "start": { "line": 6, "column": 2 }, "end": { "line": 12, "column": null } }
    },
    "fnMap": {
      "0": {
        "name": "GET",
        "decl": { "start": { "line": 4, "column": 22 }, "end": { "line": 4, "column": 25 } },
        "loc": { "start": { "line": 4, "column": 30 }, "end": { "line": 14, "column": null } }
      }
    },
    "branchMap": {},
    "s": { "0": 0, "1": 0, "2": 0, "3": 0, "4": 0, "5": 0 },
    "f": { "0": 0 },
    "b": {}
  },
  "C:\\Users\\Public\\hf-space-copy\\app\\api\\debug\\utils\\googleAuth.js": {
    "path": "C:\\Users\\Public\\hf-space-copy\\app\\api\\debug\\utils\\googleAuth.js",
    "statementMap": {
      "0": { "start": { "line": 3, "column": 16 }, "end": { "line": 3, "column": 29 } },
      "1": { "start": { "line": 15, "column": 22 }, "end": { "line": 15, "column": 43 } },
      "2": { "start": { "line": 1, "column": 23 }, "end": { "line": 1, "column": null } },
      "3": { "start": { "line": 4, "column": 15 }, "end": { "line": 10, "column": null } },
      "4": { "start": { "line": 12, "column": 2 }, "end": { "line": 12, "column": null } },
      "5": { "start": { "line": 16, "column": 15 }, "end": { "line": 16, "column": null } },
      "6": { "start": { "line": 17, "column": 17 }, "end": { "line": 17, "column": null } },
      "7": { "start": { "line": 18, "column": 2 }, "end": { "line": 18, "column": null } }
    },
    "fnMap": {
      "0": {
        "name": "getGoogleAuth",
        "decl": { "start": { "line": 3, "column": 16 }, "end": { "line": 3, "column": 29 } },
        "loc": { "start": { "line": 3, "column": 16 }, "end": { "line": 13, "column": null } }
      },
      "1": {
        "name": "getGoogleSheetsClient",
        "decl": { "start": { "line": 15, "column": 22 }, "end": { "line": 15, "column": 43 } },
        "loc": { "start": { "line": 15, "column": 22 }, "end": { "line": 19, "column": null } }
      }
    },
    "branchMap": {},
    "s": { "0": 0, "1": 0, "2": 0, "3": 0, "4": 0, "5": 0, "6": 0, "7": 0 },
    "f": { "0": 0, "1": 0 },
    "b": {}
  },
  "C:\\Users\\Public\\hf-space-copy\\app\\api\\health\\route.js": {
    "path": "C:\\Users\\Public\\hf-space-copy\\app\\api\\health\\route.js",
    "statementMap": {
      "0": { "start": { "line": 3, "column": 22 }, "end": { "line": 3, "column": 25 } },
      "1": { "start": { "line": 2, "column": 13 }, "end": { "line": 2, "column": 20 } },
      "2": { "start": { "line": 1, "column": 13 }, "end": { "line": 1, "column": 20 } },
      "3": { "start": { "line": 1, "column": 23 }, "end": { "line": 1, "column": null } },
      "4": { "start": { "line": 2, "column": 23 }, "end": { "line": 2, "column": null } },
      "5": { "start": { "line": 4, "column": 2 }, "end": { "line": 9, "column": null } },
      "6": { "start": { "line": 5, "column": 4 }, "end": { "line": 5, "column": null } },
      "7": { "start": { "line": 7, "column": 4 }, "end": { "line": 7, "column": null } },
      "8": { "start": { "line": 8, "column": 4 }, "end": { "line": 8, "column": null } }
    },
    "fnMap": {
      "0": {
        "name": "GET",
        "decl": { "start": { "line": 3, "column": 22 }, "end": { "line": 3, "column": 25 } },
        "loc": { "start": { "line": 3, "column": 22 }, "end": { "line": 10, "column": null } }
      }
    },
    "branchMap": {
      "0": {
        "loc": { "start": { "line": 7, "column": 34 }, "end": { "line": 7, "column": null } },
        "type": "binary-expr",
        "locations": [
          { "start": { "line": 7, "column": 34 }, "end": { "line": 7, "column": 42 } },
          { "start": { "line": 7, "column": 42 }, "end": { "line": 7, "column": 51 } },
          { "start": { "line": 7, "column": 55 }, "end": { "line": 7, "column": 66 } },
          { "start": { "line": 7, "column": 70 }, "end": { "line": 7, "column": 80 } }
        ]
      }
    },
    "s": { "0": 0, "1": 0, "2": 0, "3": 0, "4": 0, "5": 0, "6": 0, "7": 0, "8": 0 },
    "f": { "0": 0 },
    "b": { "0": [0, 0, 0, 0] }
  },
  "C:\\Users\\Public\\hf-space-copy\\app\\api\\ping\\route.js": {
    "path": "C:\\Users\\Public\\hf-space-copy\\app\\api\\ping\\route.js",
    "statementMap": {
      "0": { "start": { "line": 3, "column": 22 }, "end": { "line": 3, "column": 25 } },
      "1": { "start": { "line": 1, "column": 13 }, "end": { "line": 1, "column": 20 } },
      "2": { "start": { "line": 1, "column": 23 }, "end": { "line": 1, "column": null } },
      "3": { "start": { "line": 4, "column": 2 }, "end": { "line": 4, "column": null } }
    },
    "fnMap": {
      "0": {
        "name": "GET",
        "decl": { "start": { "line": 3, "column": 22 }, "end": { "line": 3, "column": 25 } },
        "loc": { "start": { "line": 3, "column": 22 }, "end": { "line": 5, "column": null } }
      }
    },
    "branchMap": {},
    "s": { "0": 0, "1": 0, "2": 0, "3": 0 },
    "f": { "0": 0 },
    "b": {}
  },
  "C:\\Users\\Public\\hf-space-copy\\app\\api\\roles\\route.js": {
    "path": "C:\\Users\\Public\\hf-space-copy\\app\\api\\roles\\route.js",
    "statementMap": {
      "0": { "start": { "line": 11, "column": 22 }, "end": { "line": 11, "column": 25 } },
      "1": { "start": { "line": 2, "column": 13 }, "end": { "line": 2, "column": 20 } },
      "2": { "start": { "line": 1, "column": 13 }, "end": { "line": 1, "column": 20 } },
      "3": { "start": { "line": 1, "column": 23 }, "end": { "line": 1, "column": null } },
      "4": { "start": { "line": 2, "column": 23 }, "end": { "line": 2, "column": null } },
      "5": { "start": { "line": 8, "column": 2 }, "end": { "line": 8, "column": null } },
      "6": { "start": { "line": 12, "column": 2 }, "end": { "line": 12, "column": null } },
      "7": { "start": { "line": 13, "column": 2 }, "end": { "line": 23, "column": null } },
      "8": { "start": { "line": 14, "column": 18 }, "end": { "line": 14, "column": null } },
      "9": { "start": { "line": 15, "column": 4 }, "end": { "line": 15, "column": null } },
      "10": { "start": { "line": 16, "column": 4 }, "end": { "line": 16, "column": null } },
      "11": { "start": { "line": 19, "column": 4 }, "end": { "line": 19, "column": null } },
      "12": { "start": { "line": 20, "column": 4 }, "end": { "line": 20, "column": null } },
      "13": { "start": { "line": 22, "column": 4 }, "end": { "line": 22, "column": null } }
    },
    "fnMap": {
      "0": {
        "name": "fetchRoles",
        "decl": { "start": { "line": 4, "column": 15 }, "end": { "line": 4, "column": null } },
        "loc": { "start": { "line": 4, "column": 15 }, "end": { "line": 9, "column": null } }
      },
      "1": {
        "name": "GET",
        "decl": { "start": { "line": 11, "column": 22 }, "end": { "line": 11, "column": 25 } },
        "loc": { "start": { "line": 11, "column": 22 }, "end": { "line": 24, "column": null } }
      }
    },
    "branchMap": {
      "0": {
        "loc": { "start": { "line": 19, "column": 49 }, "end": { "line": 19, "column": null } },
        "type": "binary-expr",
        "locations": [
          { "start": { "line": 19, "column": 49 }, "end": { "line": 19, "column": 57 } },
          { "start": { "line": 19, "column": 57 }, "end": { "line": 19, "column": 66 } },
          { "start": { "line": 19, "column": 70 }, "end": { "line": 19, "column": 81 } },
          { "start": { "line": 19, "column": 85 }, "end": { "line": 19, "column": 95 } }
        ]
      }
    },
    "s": {
      "0": 0,
      "1": 0,
      "2": 0,
      "3": 0,
      "4": 0,
      "5": 0,
      "6": 0,
      "7": 0,
      "8": 0,
      "9": 0,
      "10": 0,
      "11": 0,
      "12": 0,
      "13": 0
    },
    "f": { "0": 0, "1": 0 },
    "b": { "0": [0, 0, 0, 0] }
  },
  "C:\\Users\\Public\\hf-space-copy\\app\\api\\tasks\\route.js": {
    "path": "C:\\Users\\Public\\hf-space-copy\\app\\api\\tasks\\route.js",
    "statementMap": {
      "0": { "start": { "line": 25, "column": 22 }, "end": { "line": 25, "column": 25 } },
      "1": { "start": { "line": 4, "column": 13 }, "end": { "line": 4, "column": 20 } },
      "2": { "start": { "line": 3, "column": 13 }, "end": { "line": 3, "column": 20 } },
      "3": { "start": { "line": 1, "column": 17 }, "end": { "line": 1, "column": null } },
      "4": { "start": { "line": 3, "column": 23 }, "end": { "line": 3, "column": null } },
      "5": { "start": { "line": 4, "column": 23 }, "end": { "line": 4, "column": null } },
      "6": { "start": { "line": 7, "column": 2 }, "end": { "line": 22, "column": null } },
      "7": { "start": { "line": 9, "column": 16 }, "end": { "line": 9, "column": null } },
      "8": { "start": { "line": 10, "column": 16 }, "end": { "line": 10, "column": null } },
      "9": { "start": { "line": 11, "column": 4 }, "end": { "line": 14, "column": null } },
      "10": { "start": { "line": 12, "column": 23 }, "end": { "line": 12, "column": null } },
      "11": { "start": { "line": 13, "column": 6 }, "end": { "line": 13, "column": null } },
      "12": { "start": { "line": 16, "column": 16 }, "end": { "line": 16, "column": null } },
      "13": { "start": { "line": 17, "column": 4 }, "end": { "line": 17, "column": null } },
      "14": { "start": { "line": 20, "column": 4 }, "end": { "line": 20, "column": null } },
      "15": { "start": { "line": 21, "column": 4 }, "end": { "line": 21, "column": null } },
      "16": { "start": { "line": 26, "column": 2 }, "end": { "line": 47, "column": null } },
      "17": { "start": { "line": 30, "column": 23 }, "end": { "line": 30, "column": null } },
      "18": { "start": { "line": 32, "column": 14 }, "end": { "line": 32, "column": null } },
      "19": { "start": { "line": 33, "column": 19 }, "end": { "line": 33, "column": null } },
      "20": { "start": { "line": 36, "column": 18 }, "end": { "line": 36, "column": 37 } },
      "21": { "start": { "line": 38, "column": 4 }, "end": { "line": 40, "column": null } },
      "22": { "start": { "line": 42, "column": 4 }, "end": { "line": 42, "column": null } },
      "23": { "start": { "line": 43, "column": 4 }, "end": { "line": 46, "column": null } }
    },
    "fnMap": {
      "0": {
        "name": "tryParseResponseAsJson",
        "decl": { "start": { "line": 6, "column": 15 }, "end": { "line": 6, "column": 38 } },
        "loc": { "start": { "line": 6, "column": 41 }, "end": { "line": 23, "column": null } }
      },
      "1": {
        "name": "GET",
        "decl": { "start": { "line": 25, "column": 22 }, "end": { "line": 25, "column": 25 } },
        "loc": { "start": { "line": 25, "column": 30 }, "end": { "line": 48, "column": null } }
      }
    },
    "branchMap": {
      "0": {
        "loc": { "start": { "line": 9, "column": 16 }, "end": { "line": 9, "column": null } },
        "type": "cond-expr",
        "locations": [
          { "start": { "line": 9, "column": 49 }, "end": { "line": 9, "column": 87 } },
          { "start": { "line": 9, "column": 87 }, "end": { "line": 9, "column": null } }
        ]
      },
      "1": {
        "loc": { "start": { "line": 9, "column": 16 }, "end": { "line": 9, "column": 46 } },
        "type": "binary-expr",
        "locations": [
          { "start": { "line": 9, "column": 16 }, "end": { "line": 9, "column": 27 } },
          { "start": { "line": 9, "column": 31 }, "end": { "line": 9, "column": 46 } }
        ]
      },
      "2": {
        "loc": { "start": { "line": 11, "column": 4 }, "end": { "line": 14, "column": null } },
        "type": "if",
        "locations": [
          { "start": { "line": 11, "column": 4 }, "end": { "line": 14, "column": null } },
          { "start": {}, "end": {} }
        ]
      },
      "3": {
        "loc": { "start": { "line": 11, "column": 8 }, "end": { "line": 11, "column": 51 } },
        "type": "binary-expr",
        "locations": [
          { "start": { "line": 11, "column": 8 }, "end": { "line": 11, "column": 15 } },
          { "start": { "line": 11, "column": 15 }, "end": { "line": 11, "column": 51 } }
        ]
      },
      "4": {
        "loc": { "start": { "line": 30, "column": 23 }, "end": { "line": 30, "column": null } },
        "type": "binary-expr",
        "locations": [
          { "start": { "line": 30, "column": 23 }, "end": { "line": 30, "column": 51 } },
          { "start": { "line": 30, "column": 55 }, "end": { "line": 30, "column": null } }
        ]
      },
      "5": {
        "loc": { "start": { "line": 36, "column": 18 }, "end": { "line": 36, "column": 37 } },
        "type": "binary-expr",
        "locations": [
          { "start": { "line": 36, "column": 18 }, "end": { "line": 36, "column": 35 } },
          { "start": { "line": 36, "column": 35 }, "end": { "line": 36, "column": 37 } }
        ]
      },
      "6": {
        "loc": { "start": { "line": 42, "column": 52 }, "end": { "line": 42, "column": null } },
        "type": "cond-expr",
        "locations": [
          { "start": { "line": 42, "column": 71 }, "end": { "line": 42, "column": 80 } },
          { "start": { "line": 42, "column": 83 }, "end": { "line": 42, "column": null } }
        ]
      },
      "7": {
        "loc": { "start": { "line": 42, "column": 52 }, "end": { "line": 42, "column": 68 } },
        "type": "binary-expr",
        "locations": [
          { "start": { "line": 42, "column": 52 }, "end": { "line": 42, "column": 59 } },
          { "start": { "line": 42, "column": 59 }, "end": { "line": 42, "column": 68 } }
        ]
      }
    },
    "s": {
      "0": 0,
      "1": 0,
      "2": 0,
      "3": 0,
      "4": 0,
      "5": 0,
      "6": 0,
      "7": 0,
      "8": 0,
      "9": 0,
      "10": 0,
      "11": 0,
      "12": 0,
      "13": 0,
      "14": 0,
      "15": 0,
      "16": 0,
      "17": 0,
      "18": 0,
      "19": 0,
      "20": 0,
      "21": 0,
      "22": 0,
      "23": 0
    },
    "f": { "0": 0, "1": 0 },
    "b": {
      "0": [0, 0],
      "1": [0, 0],
      "2": [0, 0],
      "3": [0, 0],
      "4": [0, 0],
      "5": [0, 0],
      "6": [0, 0],
      "7": [0, 0]
    }
  },
  "C:\\Users\\Public\\hf-space-copy\\app\\auth\\signin\\page.tsx": {
    "path": "C:\\Users\\Public\\hf-space-copy\\app\\auth\\signin\\page.tsx",
    "statementMap": {
      "0": { "start": { "line": 5, "column": 24 }, "end": { "line": 5, "column": null } },
      "1": { "start": { "line": 1, "column": 13 }, "end": { "line": 1, "column": 20 } },
      "2": { "start": { "line": 2, "column": 25 }, "end": { "line": 2, "column": null } },
      "3": { "start": { "line": 3, "column": 17 }, "end": { "line": 3, "column": null } },
      "4": { "start": { "line": 1, "column": 23 }, "end": { "line": 1, "column": null } }
    },
    "fnMap": {
      "0": {
        "name": "SignInPage",
        "decl": { "start": { "line": 5, "column": 24 }, "end": { "line": 5, "column": null } },
        "loc": { "start": { "line": 5, "column": 24 }, "end": { "line": 19, "column": 1 } }
      }
    },
    "branchMap": {},
    "s": { "0": 0, "1": 0, "2": 0, "3": 0, "4": 0 },
    "f": { "0": 0 },
    "b": {}
  },
  "C:\\Users\\Public\\hf-space-copy\\app\\auth\\signup\\page.tsx": {
    "path": "C:\\Users\\Public\\hf-space-copy\\app\\auth\\signup\\page.tsx",
    "statementMap": {
      "0": { "start": { "line": 5, "column": 24 }, "end": { "line": 5, "column": null } },
      "1": { "start": { "line": 1, "column": 13 }, "end": { "line": 1, "column": 20 } },
      "2": { "start": { "line": 2, "column": 25 }, "end": { "line": 2, "column": null } },
      "3": { "start": { "line": 3, "column": 17 }, "end": { "line": 3, "column": null } },
      "4": { "start": { "line": 1, "column": 23 }, "end": { "line": 1, "column": null } }
    },
    "fnMap": {
      "0": {
        "name": "SignUpPage",
        "decl": { "start": { "line": 5, "column": 24 }, "end": { "line": 5, "column": null } },
        "loc": { "start": { "line": 5, "column": 24 }, "end": { "line": 19, "column": 1 } }
      }
    },
    "branchMap": {},
    "s": { "0": 0, "1": 0, "2": 0, "3": 0, "4": 0 },
    "f": { "0": 0 },
    "b": {}
  },
  "C:\\Users\\Public\\hf-space-copy\\app\\calendar\\page.tsx": {
    "path": "C:\\Users\\Public\\hf-space-copy\\app\\calendar\\page.tsx",
    "statementMap": {
      "0": { "start": { "line": 6, "column": 24 }, "end": { "line": 6, "column": null } },
      "1": { "start": { "line": 1, "column": 13 }, "end": { "line": 1, "column": 20 } },
      "2": { "start": { "line": 2, "column": 31 }, "end": { "line": 2, "column": null } },
      "3": { "start": { "line": 3, "column": 24 }, "end": { "line": 3, "column": null } },
      "4": { "start": { "line": 4, "column": 29 }, "end": { "line": 4, "column": null } },
      "5": { "start": { "line": 1, "column": 23 }, "end": { "line": 1, "column": null } }
    },
    "fnMap": {
      "0": {
        "name": "CalendarPage",
        "decl": { "start": { "line": 6, "column": 24 }, "end": { "line": 6, "column": null } },
        "loc": { "start": { "line": 6, "column": 24 }, "end": { "line": 23, "column": 1 } }
      }
    },
    "branchMap": {},
    "s": { "0": 0, "1": 0, "2": 0, "3": 0, "4": 0, "5": 0 },
    "f": { "0": 0 },
    "b": {}
  },
  "C:\\Users\\Public\\hf-space-copy\\app\\dashboard\\page.tsx": {
    "path": "C:\\Users\\Public\\hf-space-copy\\app\\dashboard\\page.tsx",
    "statementMap": {
      "0": { "start": { "line": 5, "column": 24 }, "end": { "line": 5, "column": null } },
      "1": { "start": { "line": 1, "column": 13 }, "end": { "line": 1, "column": 20 } },
      "2": { "start": { "line": 2, "column": 31 }, "end": { "line": 2, "column": null } },
      "3": { "start": { "line": 3, "column": 24 }, "end": { "line": 3, "column": null } },
      "4": { "start": { "line": 1, "column": 23 }, "end": { "line": 1, "column": null } }
    },
    "fnMap": {
      "0": {
        "name": "DashboardPage",
        "decl": { "start": { "line": 5, "column": 24 }, "end": { "line": 5, "column": null } },
        "loc": { "start": { "line": 5, "column": 24 }, "end": { "line": 39, "column": 1 } }
      }
    },
    "branchMap": {},
    "s": { "0": 0, "1": 0, "2": 0, "3": 0, "4": 0 },
    "f": { "0": 0 },
    "b": {}
  },
  "C:\\Users\\Public\\hf-space-copy\\app\\kanban\\page.tsx": {
    "path": "C:\\Users\\Public\\hf-space-copy\\app\\kanban\\page.tsx",
    "statementMap": {
      "0": { "start": { "line": 6, "column": 24 }, "end": { "line": 6, "column": null } },
      "1": { "start": { "line": 1, "column": 13 }, "end": { "line": 1, "column": 20 } },
      "2": { "start": { "line": 2, "column": 31 }, "end": { "line": 2, "column": null } },
      "3": { "start": { "line": 3, "column": 24 }, "end": { "line": 3, "column": null } },
      "4": { "start": { "line": 4, "column": 28 }, "end": { "line": 4, "column": null } },
      "5": { "start": { "line": 1, "column": 23 }, "end": { "line": 1, "column": null } }
    },
    "fnMap": {
      "0": {
        "name": "KanbanPage",
        "decl": { "start": { "line": 6, "column": 24 }, "end": { "line": 6, "column": null } },
        "loc": { "start": { "line": 6, "column": 24 }, "end": { "line": 23, "column": 1 } }
      }
    },
    "branchMap": {},
    "s": { "0": 0, "1": 0, "2": 0, "3": 0, "4": 0, "5": 0 },
    "f": { "0": 0 },
    "b": {}
  },
  "C:\\Users\\Public\\hf-space-copy\\app\\lib\\utils.ts": {
    "path": "C:\\Users\\Public\\hf-space-copy\\app\\lib\\utils.ts",
    "statementMap": {
      "0": { "start": { "line": 4, "column": 16 }, "end": { "line": 4, "column": 19 } },
      "1": { "start": { "line": 1, "column": 21 }, "end": { "line": 1, "column": null } },
      "2": { "start": { "line": 2, "column": 24 }, "end": { "line": 2, "column": null } },
      "3": { "start": { "line": 5, "column": 2 }, "end": { "line": 5, "column": null } }
    },
    "fnMap": {
      "0": {
        "name": "cn",
        "decl": { "start": { "line": 4, "column": 16 }, "end": { "line": 4, "column": 19 } },
        "loc": { "start": { "line": 4, "column": 35 }, "end": { "line": 6, "column": null } }
      }
    },
    "branchMap": {},
    "s": { "0": 0, "1": 1, "2": 1, "3": 0 },
    "f": { "0": 0 },
    "b": {}
  },
  "C:\\Users\\Public\\hf-space-copy\\app\\team\\dashboard\\page.tsx": {
    "path": "C:\\Users\\Public\\hf-space-copy\\app\\team\\dashboard\\page.tsx",
    "statementMap": {
      "0": { "start": { "line": 6, "column": 24 }, "end": { "line": 6, "column": null } },
      "1": { "start": { "line": 1, "column": 13 }, "end": { "line": 1, "column": 20 } },
      "2": { "start": { "line": 2, "column": 31 }, "end": { "line": 2, "column": null } },
      "3": { "start": { "line": 3, "column": 24 }, "end": { "line": 3, "column": null } },
      "4": { "start": { "line": 4, "column": 30 }, "end": { "line": 4, "column": null } },
      "5": { "start": { "line": 1, "column": 23 }, "end": { "line": 1, "column": null } }
    },
    "fnMap": {
      "0": {
        "name": "TeamDashboardPage",
        "decl": { "start": { "line": 6, "column": 24 }, "end": { "line": 6, "column": null } },
        "loc": { "start": { "line": 6, "column": 24 }, "end": { "line": 17, "column": 1 } }
      }
    },
    "branchMap": {},
    "s": { "0": 0, "1": 0, "2": 0, "3": 0, "4": 0, "5": 0 },
    "f": { "0": 0 },
    "b": {}
  },
  "C:\\Users\\Public\\hf-space-copy\\app\\utils\\googleAuth.js": {
    "path": "C:\\Users\\Public\\hf-space-copy\\app\\utils\\googleAuth.js",
    "statementMap": {
      "0": { "start": { "line": 3, "column": 16 }, "end": { "line": 3, "column": 29 } },
      "1": { "start": { "line": 15, "column": 22 }, "end": { "line": 15, "column": 43 } },
      "2": { "start": { "line": 1, "column": 23 }, "end": { "line": 1, "column": null } },
      "3": { "start": { "line": 4, "column": 15 }, "end": { "line": 10, "column": null } },
      "4": { "start": { "line": 12, "column": 2 }, "end": { "line": 12, "column": null } },
      "5": { "start": { "line": 16, "column": 15 }, "end": { "line": 16, "column": null } },
      "6": { "start": { "line": 17, "column": 17 }, "end": { "line": 17, "column": null } },
      "7": { "start": { "line": 18, "column": 2 }, "end": { "line": 18, "column": null } }
    },
    "fnMap": {
      "0": {
        "name": "getGoogleAuth",
        "decl": { "start": { "line": 3, "column": 16 }, "end": { "line": 3, "column": 29 } },
        "loc": { "start": { "line": 3, "column": 16 }, "end": { "line": 13, "column": null } }
      },
      "1": {
        "name": "getGoogleSheetsClient",
        "decl": { "start": { "line": 15, "column": 22 }, "end": { "line": 15, "column": 43 } },
        "loc": { "start": { "line": 15, "column": 22 }, "end": { "line": 19, "column": null } }
      }
    },
    "branchMap": {},
    "s": { "0": 0, "1": 0, "2": 0, "3": 0, "4": 0, "5": 0, "6": 0, "7": 0 },
    "f": { "0": 0, "1": 0 },
    "b": {}
  },
  "C:\\Users\\Public\\hf-space-copy\\components\\admin\\institutions-table.tsx": {
    "path": "C:\\Users\\Public\\hf-space-copy\\components\\admin\\institutions-table.tsx",
    "statementMap": {
      "0": { "start": { "line": 21, "column": 16 }, "end": { "line": 21, "column": null } },
      "1": { "start": { "line": 5, "column": 36 }, "end": { "line": 5, "column": null } },
      "2": { "start": { "line": 6, "column": 29 }, "end": { "line": 6, "column": null } },
      "3": { "start": { "line": 8, "column": 23 }, "end": { "line": 8, "column": null } },
      "4": { "start": { "line": 9, "column": 22 }, "end": { "line": 9, "column": null } },
      "5": { "start": { "line": 10, "column": 57 }, "end": { "line": 10, "column": null } },
      "6": { "start": { "line": 11, "column": 54 }, "end": { "line": 11, "column": null } },
      "7": { "start": { "line": 18, "column": 7 }, "end": { "line": 18, "column": null } },
      "8": { "start": { "line": 19, "column": 22 }, "end": { "line": 19, "column": null } },
      "9": { "start": { "line": 22, "column": 42 }, "end": { "line": 22, "column": null } },
      "10": { "start": { "line": 23, "column": 32 }, "end": { "line": 23, "column": null } },
      "11": { "start": { "line": 24, "column": 38 }, "end": { "line": 24, "column": null } },
      "12": { "start": { "line": 25, "column": 42 }, "end": { "line": 25, "column": null } },
      "13": { "start": { "line": 26, "column": 54 }, "end": { "line": 26, "column": null } },
      "14": { "start": { "line": 27, "column": 34 }, "end": { "line": 27, "column": null } },
      "15": { "start": { "line": 29, "column": 19 }, "end": { "line": 29, "column": null } },
      "16": { "start": { "line": 31, "column": 2 }, "end": { "line": 33, "column": null } },
      "17": { "start": { "line": 32, "column": 4 }, "end": { "line": 32, "column": null } },
      "18": { "start": { "line": 35, "column": 28 }, "end": { "line": 49, "column": null } },
      "19": { "start": { "line": 36, "column": 4 }, "end": { "line": 48, "column": null } },
      "20": { "start": { "line": 37, "column": 30 }, "end": { "line": 40, "column": null } },
      "21": { "start": { "line": 42, "column": 6 }, "end": { "line": 42, "column": null } },
      "22": { "start": { "line": 42, "column": 17 }, "end": { "line": 42, "column": null } },
      "23": { "start": { "line": 43, "column": 6 }, "end": { "line": 43, "column": null } },
      "24": { "start": { "line": 45, "column": 6 }, "end": { "line": 45, "column": null } },
      "25": { "start": { "line": 47, "column": 6 }, "end": { "line": 47, "column": null } },
      "26": { "start": { "line": 51, "column": 23 }, "end": { "line": 76, "column": null } },
      "27": { "start": { "line": 52, "column": 4 }, "end": { "line": 52, "column": null } },
      "28": { "start": { "line": 53, "column": 4 }, "end": { "line": 75, "column": null } },
      "29": { "start": { "line": 54, "column": 6 }, "end": { "line": 67, "column": null } },
      "30": { "start": { "line": 55, "column": 26 }, "end": { "line": 58, "column": null } },
      "31": { "start": { "line": 60, "column": 8 }, "end": { "line": 60, "column": null } },
      "32": { "start": { "line": 60, "column": 19 }, "end": { "line": 60, "column": null } },
      "33": { "start": { "line": 62, "column": 26 }, "end": { "line": 64, "column": null } },
      "34": { "start": { "line": 66, "column": 8 }, "end": { "line": 66, "column": null } },
      "35": { "start": { "line": 66, "column": 19 }, "end": { "line": 66, "column": null } },
      "36": { "start": { "line": 69, "column": 6 }, "end": { "line": 69, "column": null } },
      "37": { "start": { "line": 70, "column": 6 }, "end": { "line": 70, "column": null } },
      "38": { "start": { "line": 71, "column": 6 }, "end": { "line": 71, "column": null } },
      "39": { "start": { "line": 72, "column": 6 }, "end": { "line": 72, "column": null } },
      "40": { "start": { "line": 74, "column": 6 }, "end": { "line": 74, "column": null } },
      "41": { "start": { "line": 78, "column": 28 }, "end": { "line": 89, "column": null } },
      "42": { "start": { "line": 79, "column": 4 }, "end": { "line": 79, "column": null } },
      "43": { "start": { "line": 79, "column": 71 }, "end": { "line": 79, "column": null } },
      "44": { "start": { "line": 81, "column": 4 }, "end": { "line": 88, "column": null } },
      "45": { "start": { "line": 82, "column": 24 }, "end": { "line": 82, "column": null } },
      "46": { "start": { "line": 84, "column": 6 }, "end": { "line": 84, "column": null } },
      "47": { "start": { "line": 84, "column": 17 }, "end": { "line": 84, "column": null } },
      "48": { "start": { "line": 85, "column": 6 }, "end": { "line": 85, "column": null } },
      "49": { "start": { "line": 87, "column": 6 }, "end": { "line": 87, "column": null } },
      "50": { "start": { "line": 91, "column": 31 }, "end": { "line": 94, "column": null } },
      "51": { "start": { "line": 93, "column": 6 }, "end": { "line": 94, "column": null } },
      "52": { "start": { "line": 97, "column": 2 }, "end": { "line": 107, "column": null } },
      "53": { "start": { "line": 121, "column": 18 }, "end": { "line": 121, "column": null } },
      "54": { "start": { "line": 122, "column": 18 }, "end": { "line": 122, "column": null } },
      "55": { "start": { "line": 141, "column": 35 }, "end": { "line": 141, "column": null } },
      "56": { "start": { "line": 151, "column": 35 }, "end": { "line": 151, "column": null } },
      "57": { "start": { "line": 170, "column": 29 }, "end": { "line": 170, "column": null } },
      "58": { "start": { "line": 178, "column": 12 }, "end": { "line": 179, "column": null } },
      "59": { "start": { "line": 197, "column": 20 }, "end": { "line": 197, "column": null } },
      "60": { "start": { "line": 198, "column": 20 }, "end": { "line": 201, "column": null } },
      "61": { "start": { "line": 202, "column": 20 }, "end": { "line": 202, "column": null } },
      "62": { "start": { "line": 207, "column": 65 }, "end": { "line": 207, "column": null } }
    },
    "fnMap": {
      "0": {
        "name": "InstitutionsTable",
        "decl": { "start": { "line": 21, "column": 16 }, "end": { "line": 21, "column": null } },
        "loc": { "start": { "line": 21, "column": 16 }, "end": { "line": 223, "column": null } }
      },
      "1": {
        "name": "(anonymous_2)",
        "decl": { "start": { "line": 31, "column": 12 }, "end": { "line": 31, "column": null } },
        "loc": { "start": { "line": 31, "column": 12 }, "end": { "line": 33, "column": 5 } }
      },
      "2": {
        "name": "(anonymous_3)",
        "decl": { "start": { "line": 35, "column": 28 }, "end": { "line": 35, "column": null } },
        "loc": { "start": { "line": 35, "column": 28 }, "end": { "line": 49, "column": null } }
      },
      "3": {
        "name": "(anonymous_4)",
        "decl": { "start": { "line": 51, "column": 23 }, "end": { "line": 51, "column": 30 } },
        "loc": { "start": { "line": 51, "column": 30 }, "end": { "line": 76, "column": null } }
      },
      "4": {
        "name": "(anonymous_5)",
        "decl": { "start": { "line": 78, "column": 28 }, "end": { "line": 78, "column": 35 } },
        "loc": { "start": { "line": 78, "column": 35 }, "end": { "line": 89, "column": null } }
      },
      "5": {
        "name": "(anonymous_6)",
        "decl": { "start": { "line": 92, "column": 4 }, "end": { "line": 92, "column": null } },
        "loc": { "start": { "line": 93, "column": 6 }, "end": { "line": 94, "column": null } }
      },
      "6": {
        "name": "(anonymous_7)",
        "decl": { "start": { "line": 120, "column": 25 }, "end": { "line": 120, "column": null } },
        "loc": { "start": { "line": 120, "column": 25 }, "end": { "line": 123, "column": null } }
      },
      "7": {
        "name": "(anonymous_8)",
        "decl": { "start": { "line": 141, "column": 30 }, "end": { "line": 141, "column": 35 } },
        "loc": { "start": { "line": 141, "column": 35 }, "end": { "line": 141, "column": null } }
      },
      "8": {
        "name": "(anonymous_9)",
        "decl": { "start": { "line": 151, "column": 30 }, "end": { "line": 151, "column": 35 } },
        "loc": { "start": { "line": 151, "column": 35 }, "end": { "line": 151, "column": null } }
      },
      "9": {
        "name": "(anonymous_10)",
        "decl": { "start": { "line": 170, "column": 24 }, "end": { "line": 170, "column": 29 } },
        "loc": { "start": { "line": 170, "column": 29 }, "end": { "line": 170, "column": null } }
      },
      "10": {
        "name": "(anonymous_11)",
        "decl": { "start": { "line": 177, "column": 36 }, "end": { "line": 177, "column": null } },
        "loc": { "start": { "line": 178, "column": 12 }, "end": { "line": 179, "column": null } }
      },
      "11": {
        "name": "(anonymous_12)",
        "decl": { "start": { "line": 196, "column": 27 }, "end": { "line": 196, "column": null } },
        "loc": { "start": { "line": 196, "column": 27 }, "end": { "line": 203, "column": null } }
      },
      "12": {
        "name": "(anonymous_13)",
        "decl": { "start": { "line": 207, "column": 59 }, "end": { "line": 207, "column": 65 } },
        "loc": { "start": { "line": 207, "column": 65 }, "end": { "line": 207, "column": null } }
      }
    },
    "branchMap": {
      "0": {
        "loc": { "start": { "line": 42, "column": 6 }, "end": { "line": 42, "column": null } },
        "type": "if",
        "locations": [
          { "start": { "line": 42, "column": 6 }, "end": { "line": 42, "column": null } },
          { "start": {}, "end": {} }
        ]
      },
      "1": {
        "loc": { "start": { "line": 43, "column": 22 }, "end": { "line": 43, "column": 32 } },
        "type": "binary-expr",
        "locations": [
          { "start": { "line": 43, "column": 22 }, "end": { "line": 43, "column": 30 } },
          { "start": { "line": 43, "column": 30 }, "end": { "line": 43, "column": 32 } }
        ]
      },
      "2": {
        "loc": { "start": { "line": 54, "column": 6 }, "end": { "line": 67, "column": null } },
        "type": "if",
        "locations": [
          { "start": { "line": 54, "column": 6 }, "end": { "line": 67, "column": null } },
          { "start": { "line": 61, "column": 13 }, "end": { "line": 67, "column": null } }
        ]
      },
      "3": {
        "loc": { "start": { "line": 60, "column": 8 }, "end": { "line": 60, "column": null } },
        "type": "if",
        "locations": [
          { "start": { "line": 60, "column": 8 }, "end": { "line": 60, "column": null } },
          { "start": {}, "end": {} }
        ]
      },
      "4": {
        "loc": { "start": { "line": 66, "column": 8 }, "end": { "line": 66, "column": null } },
        "type": "if",
        "locations": [
          { "start": { "line": 66, "column": 8 }, "end": { "line": 66, "column": null } },
          { "start": {}, "end": {} }
        ]
      },
      "5": {
        "loc": { "start": { "line": 79, "column": 4 }, "end": { "line": 79, "column": null } },
        "type": "if",
        "locations": [
          { "start": { "line": 79, "column": 4 }, "end": { "line": 79, "column": null } },
          { "start": {}, "end": {} }
        ]
      },
      "6": {
        "loc": { "start": { "line": 84, "column": 6 }, "end": { "line": 84, "column": null } },
        "type": "if",
        "locations": [
          { "start": { "line": 84, "column": 6 }, "end": { "line": 84, "column": null } },
          { "start": {}, "end": {} }
        ]
      },
      "7": {
        "loc": { "start": { "line": 93, "column": 6 }, "end": { "line": 94, "column": null } },
        "type": "binary-expr",
        "locations": [
          { "start": { "line": 93, "column": 6 }, "end": { "line": 93, "column": null } },
          { "start": { "line": 94, "column": 6 }, "end": { "line": 94, "column": null } }
        ]
      },
      "8": {
        "loc": { "start": { "line": 97, "column": 2 }, "end": { "line": 107, "column": null } },
        "type": "if",
        "locations": [
          { "start": { "line": 97, "column": 2 }, "end": { "line": 107, "column": null } },
          { "start": {}, "end": {} }
        ]
      },
      "9": {
        "loc": { "start": { "line": 132, "column": 19 }, "end": { "line": 132, "column": null } },
        "type": "cond-expr",
        "locations": [
          { "start": { "line": 132, "column": 40 }, "end": { "line": 132, "column": 61 } },
          { "start": { "line": 132, "column": 61 }, "end": { "line": 132, "column": null } }
        ]
      },
      "10": {
        "loc": { "start": { "line": 156, "column": 19 }, "end": { "line": 156, "column": null } },
        "type": "cond-expr",
        "locations": [
          { "start": { "line": 156, "column": 40 }, "end": { "line": 156, "column": 63 } },
          { "start": { "line": 156, "column": 63 }, "end": { "line": 156, "column": null } }
        ]
      },
      "11": {
        "loc": { "start": { "line": 215, "column": 9 }, "end": { "line": 215, "column": null } },
        "type": "binary-expr",
        "locations": [
          { "start": { "line": 215, "column": 9 }, "end": { "line": 215, "column": null } }
        ]
      }
    },
    "s": {
      "0": 0,
      "1": 0,
      "2": 0,
      "3": 0,
      "4": 0,
      "5": 0,
      "6": 0,
      "7": 0,
      "8": 0,
      "9": 0,
      "10": 0,
      "11": 0,
      "12": 0,
      "13": 0,
      "14": 0,
      "15": 0,
      "16": 0,
      "17": 0,
      "18": 0,
      "19": 0,
      "20": 0,
      "21": 0,
      "22": 0,
      "23": 0,
      "24": 0,
      "25": 0,
      "26": 0,
      "27": 0,
      "28": 0,
      "29": 0,
      "30": 0,
      "31": 0,
      "32": 0,
      "33": 0,
      "34": 0,
      "35": 0,
      "36": 0,
      "37": 0,
      "38": 0,
      "39": 0,
      "40": 0,
      "41": 0,
      "42": 0,
      "43": 0,
      "44": 0,
      "45": 0,
      "46": 0,
      "47": 0,
      "48": 0,
      "49": 0,
      "50": 0,
      "51": 0,
      "52": 0,
      "53": 0,
      "54": 0,
      "55": 0,
      "56": 0,
      "57": 0,
      "58": 0,
      "59": 0,
      "60": 0,
      "61": 0,
      "62": 0
    },
    "f": {
      "0": 0,
      "1": 0,
      "2": 0,
      "3": 0,
      "4": 0,
      "5": 0,
      "6": 0,
      "7": 0,
      "8": 0,
      "9": 0,
      "10": 0,
      "11": 0,
      "12": 0
    },
    "b": {
      "0": [0, 0],
      "1": [0, 0],
      "2": [0, 0],
      "3": [0, 0],
      "4": [0, 0],
      "5": [0, 0],
      "6": [0, 0],
      "7": [0, 0],
      "8": [0, 0],
      "9": [0, 0],
      "10": [0, 0],
      "11": [0]
    }
  },
  "C:\\Users\\Public\\hf-space-copy\\components\\admin\\users-table.tsx": {
    "path": "C:\\Users\\Public\\hf-space-copy\\components\\admin\\users-table.tsx",
    "statementMap": {
      "0": { "start": { "line": 27, "column": 16 }, "end": { "line": 27, "column": null } },
      "1": { "start": { "line": 3, "column": 36 }, "end": { "line": 3, "column": null } },
      "2": { "start": { "line": 4, "column": 29 }, "end": { "line": 4, "column": null } },
      "3": { "start": { "line": 6, "column": 23 }, "end": { "line": 6, "column": null } },
      "4": { "start": { "line": 7, "column": 22 }, "end": { "line": 7, "column": null } },
      "5": { "start": { "line": 14, "column": 7 }, "end": { "line": 14, "column": null } },
      "6": { "start": { "line": 15, "column": 57 }, "end": { "line": 15, "column": null } },
      "7": { "start": { "line": 16, "column": 22 }, "end": { "line": 16, "column": null } },
      "8": { "start": { "line": 17, "column": 39 }, "end": { "line": 17, "column": null } },
      "9": { "start": { "line": 24, "column": 7 }, "end": { "line": 24, "column": null } },
      "10": { "start": { "line": 25, "column": 22 }, "end": { "line": 25, "column": null } },
      "11": { "start": { "line": 28, "column": 28 }, "end": { "line": 28, "column": null } },
      "12": { "start": { "line": 29, "column": 42 }, "end": { "line": 29, "column": null } },
      "13": { "start": { "line": 30, "column": 32 }, "end": { "line": 30, "column": null } },
      "14": { "start": { "line": 31, "column": 38 }, "end": { "line": 31, "column": null } },
      "15": { "start": { "line": 32, "column": 42 }, "end": { "line": 32, "column": null } },
      "16": { "start": { "line": 33, "column": 40 }, "end": { "line": 33, "column": null } },
      "17": { "start": { "line": 34, "column": 42 }, "end": { "line": 34, "column": null } },
      "18": { "start": { "line": 36, "column": 19 }, "end": { "line": 36, "column": null } },
      "19": { "start": { "line": 38, "column": 2 }, "end": { "line": 41, "column": null } },
      "20": { "start": { "line": 39, "column": 4 }, "end": { "line": 39, "column": null } },
      "21": { "start": { "line": 40, "column": 4 }, "end": { "line": 40, "column": null } },
      "22": { "start": { "line": 43, "column": 21 }, "end": { "line": 57, "column": null } },
      "23": { "start": { "line": 44, "column": 4 }, "end": { "line": 56, "column": null } },
      "24": { "start": { "line": 45, "column": 30 }, "end": { "line": 48, "column": null } },
      "25": { "start": { "line": 50, "column": 6 }, "end": { "line": 50, "column": null } },
      "26": { "start": { "line": 50, "column": 17 }, "end": { "line": 50, "column": null } },
      "27": { "start": { "line": 51, "column": 6 }, "end": { "line": 51, "column": null } },
      "28": { "start": { "line": 53, "column": 6 }, "end": { "line": 53, "column": null } },
      "29": { "start": { "line": 55, "column": 6 }, "end": { "line": 55, "column": null } },
      "30": { "start": { "line": 59, "column": 28 }, "end": { "line": 67, "column": null } },
      "31": { "start": { "line": 60, "column": 4 }, "end": { "line": 66, "column": null } },
      "32": { "start": { "line": 61, "column": 30 }, "end": { "line": 61, "column": null } },
      "33": { "start": { "line": 62, "column": 6 }, "end": { "line": 62, "column": null } },
      "34": { "start": { "line": 62, "column": 17 }, "end": { "line": 62, "column": null } },
      "35": { "start": { "line": 63, "column": 6 }, "end": { "line": 63, "column": null } },
      "36": { "start": { "line": 65, "column": 6 }, "end": { "line": 65, "column": null } },
      "37": { "start": { "line": 69, "column": 25 }, "end": { "line": 83, "column": null } },
      "38": { "start": { "line": 70, "column": 4 }, "end": { "line": 82, "column": null } },
      "39": { "start": { "line": 71, "column": 24 }, "end": { "line": 74, "column": null } },
      "40": { "start": { "line": 76, "column": 6 }, "end": { "line": 76, "column": null } },
      "41": { "start": { "line": 76, "column": 17 }, "end": { "line": 76, "column": null } },
      "42": { "start": { "line": 77, "column": 6 }, "end": { "line": 77, "column": null } },
      "43": { "start": { "line": 78, "column": 6 }, "end": { "line": 78, "column": null } },
      "44": { "start": { "line": 79, "column": 6 }, "end": { "line": 79, "column": null } },
      "45": { "start": { "line": 81, "column": 6 }, "end": { "line": 81, "column": null } },
      "46": { "start": { "line": 85, "column": 24 }, "end": { "line": 91, "column": null } },
      "47": { "start": { "line": 87, "column": 6 }, "end": { "line": 88, "column": null } },
      "48": { "start": { "line": 89, "column": 24 }, "end": { "line": 89, "column": null } },
      "49": { "start": { "line": 90, "column": 4 }, "end": { "line": 90, "column": null } },
      "50": { "start": { "line": 93, "column": 28 }, "end": { "line": 104, "column": null } },
      "51": { "start": { "line": 94, "column": 4 }, "end": { "line": 103, "column": null } },
      "52": { "start": { "line": 96, "column": 8 }, "end": { "line": 96, "column": null } },
      "53": { "start": { "line": 98, "column": 8 }, "end": { "line": 98, "column": null } },
      "54": { "start": { "line": 100, "column": 8 }, "end": { "line": 100, "column": null } },
      "55": { "start": { "line": 102, "column": 8 }, "end": { "line": 102, "column": null } },
      "56": { "start": { "line": 106, "column": 2 }, "end": { "line": 116, "column": null } },
      "57": { "start": { "line": 133, "column": 29 }, "end": { "line": 133, "column": null } },
      "58": { "start": { "line": 152, "column": 12 }, "end": { "line": 153, "column": null } },
      "59": { "start": { "line": 181, "column": 24 }, "end": { "line": 181, "column": null } },
      "60": { "start": { "line": 182, "column": 24 }, "end": { "line": 182, "column": null } },
      "61": { "start": { "line": 204, "column": 28 }, "end": { "line": 206, "column": null } },
      "62": { "start": { "line": 205, "column": 30 }, "end": { "line": 205, "column": null } },
      "63": { "start": { "line": 225, "column": 30 }, "end": { "line": 227, "column": null } },
      "64": { "start": { "line": 226, "column": 32 }, "end": { "line": 226, "column": null } },
      "65": { "start": { "line": 235, "column": 32 }, "end": { "line": 235, "column": 65 } },
      "66": { "start": { "line": 245, "column": 26 }, "end": { "line": 251, "column": null } },
      "67": { "start": { "line": 246, "column": 28 }, "end": { "line": 249, "column": null } }
    },
    "fnMap": {
      "0": {
        "name": "UsersTable",
        "decl": { "start": { "line": 27, "column": 16 }, "end": { "line": 27, "column": null } },
        "loc": { "start": { "line": 27, "column": 16 }, "end": { "line": 273, "column": null } }
      },
      "1": {
        "name": "(anonymous_2)",
        "decl": { "start": { "line": 38, "column": 12 }, "end": { "line": 38, "column": null } },
        "loc": { "start": { "line": 38, "column": 12 }, "end": { "line": 41, "column": 5 } }
      },
      "2": {
        "name": "(anonymous_3)",
        "decl": { "start": { "line": 43, "column": 21 }, "end": { "line": 43, "column": null } },
        "loc": { "start": { "line": 43, "column": 21 }, "end": { "line": 57, "column": null } }
      },
      "3": {
        "name": "(anonymous_4)",
        "decl": { "start": { "line": 59, "column": 28 }, "end": { "line": 59, "column": null } },
        "loc": { "start": { "line": 59, "column": 28 }, "end": { "line": 67, "column": null } }
      },
      "4": {
        "name": "(anonymous_5)",
        "decl": { "start": { "line": 69, "column": 25 }, "end": { "line": 69, "column": 32 } },
        "loc": { "start": { "line": 69, "column": 65 }, "end": { "line": 83, "column": null } }
      },
      "5": {
        "name": "(anonymous_6)",
        "decl": { "start": { "line": 85, "column": 37 }, "end": { "line": 85, "column": null } },
        "loc": { "start": { "line": 85, "column": 37 }, "end": { "line": 91, "column": null } }
      },
      "6": {
        "name": "(anonymous_7)",
        "decl": { "start": { "line": 93, "column": 28 }, "end": { "line": 93, "column": 29 } },
        "loc": { "start": { "line": 93, "column": 29 }, "end": { "line": 104, "column": null } }
      },
      "7": {
        "name": "(anonymous_8)",
        "decl": { "start": { "line": 133, "column": 24 }, "end": { "line": 133, "column": 29 } },
        "loc": { "start": { "line": 133, "column": 29 }, "end": { "line": 133, "column": null } }
      },
      "8": {
        "name": "(anonymous_9)",
        "decl": { "start": { "line": 151, "column": 29 }, "end": { "line": 151, "column": null } },
        "loc": { "start": { "line": 152, "column": 12 }, "end": { "line": 153, "column": null } }
      },
      "9": {
        "name": "(anonymous_10)",
        "decl": { "start": { "line": 180, "column": 31 }, "end": { "line": 180, "column": null } },
        "loc": { "start": { "line": 180, "column": 31 }, "end": { "line": 183, "column": null } }
      },
      "10": {
        "name": "(anonymous_11)",
        "decl": { "start": { "line": 203, "column": 41 }, "end": { "line": 203, "column": null } },
        "loc": { "start": { "line": 203, "column": 41 }, "end": { "line": 207, "column": null } }
      },
      "11": {
        "name": "(anonymous_12)",
        "decl": { "start": { "line": 224, "column": 43 }, "end": { "line": 224, "column": null } },
        "loc": { "start": { "line": 224, "column": 43 }, "end": { "line": 228, "column": null } }
      },
      "12": {
        "name": "(anonymous_13)",
        "decl": { "start": { "line": 234, "column": 48 }, "end": { "line": 234, "column": null } },
        "loc": { "start": { "line": 235, "column": 32 }, "end": { "line": 235, "column": 65 } }
      },
      "13": {
        "name": "(anonymous_14)",
        "decl": { "start": { "line": 244, "column": 33 }, "end": { "line": 244, "column": null } },
        "loc": { "start": { "line": 244, "column": 33 }, "end": { "line": 252, "column": null } }
      }
    },
    "branchMap": {
      "0": {
        "loc": { "start": { "line": 50, "column": 6 }, "end": { "line": 50, "column": null } },
        "type": "if",
        "locations": [
          { "start": { "line": 50, "column": 6 }, "end": { "line": 50, "column": null } },
          { "start": {}, "end": {} }
        ]
      },
      "1": {
        "loc": { "start": { "line": 51, "column": 15 }, "end": { "line": 51, "column": 25 } },
        "type": "binary-expr",
        "locations": [
          { "start": { "line": 51, "column": 15 }, "end": { "line": 51, "column": 23 } },
          { "start": { "line": 51, "column": 23 }, "end": { "line": 51, "column": 25 } }
        ]
      },
      "2": {
        "loc": { "start": { "line": 62, "column": 6 }, "end": { "line": 62, "column": null } },
        "type": "if",
        "locations": [
          { "start": { "line": 62, "column": 6 }, "end": { "line": 62, "column": null } },
          { "start": {}, "end": {} }
        ]
      },
      "3": {
        "loc": { "start": { "line": 63, "column": 22 }, "end": { "line": 63, "column": 32 } },
        "type": "binary-expr",
        "locations": [
          { "start": { "line": 63, "column": 22 }, "end": { "line": 63, "column": 30 } },
          { "start": { "line": 63, "column": 30 }, "end": { "line": 63, "column": 32 } }
        ]
      },
      "4": {
        "loc": { "start": { "line": 76, "column": 6 }, "end": { "line": 76, "column": null } },
        "type": "if",
        "locations": [
          { "start": { "line": 76, "column": 6 }, "end": { "line": 76, "column": null } },
          { "start": {}, "end": {} }
        ]
      },
      "5": {
        "loc": { "start": { "line": 87, "column": 6 }, "end": { "line": 88, "column": null } },
        "type": "binary-expr",
        "locations": [
          { "start": { "line": 87, "column": 6 }, "end": { "line": 87, "column": null } },
          { "start": { "line": 88, "column": 6 }, "end": { "line": 88, "column": null } }
        ]
      },
      "6": {
        "loc": { "start": { "line": 89, "column": 24 }, "end": { "line": 89, "column": null } },
        "type": "binary-expr",
        "locations": [
          { "start": { "line": 89, "column": 24 }, "end": { "line": 89, "column": 50 } },
          { "start": { "line": 89, "column": 50 }, "end": { "line": 89, "column": null } }
        ]
      },
      "7": {
        "loc": { "start": { "line": 90, "column": 11 }, "end": { "line": 90, "column": null } },
        "type": "binary-expr",
        "locations": [
          { "start": { "line": 90, "column": 11 }, "end": { "line": 90, "column": 28 } },
          { "start": { "line": 90, "column": 28 }, "end": { "line": 90, "column": null } }
        ]
      },
      "8": {
        "loc": { "start": { "line": 94, "column": 4 }, "end": { "line": 103, "column": null } },
        "type": "switch",
        "locations": [
          { "start": { "line": 95, "column": 6 }, "end": { "line": 96, "column": null } },
          { "start": { "line": 97, "column": 6 }, "end": { "line": 98, "column": null } },
          { "start": { "line": 99, "column": 6 }, "end": { "line": 100, "column": null } },
          { "start": { "line": 101, "column": 6 }, "end": { "line": 102, "column": null } }
        ]
      },
      "9": {
        "loc": { "start": { "line": 106, "column": 2 }, "end": { "line": 116, "column": null } },
        "type": "if",
        "locations": [
          { "start": { "line": 106, "column": 2 }, "end": { "line": 116, "column": null } },
          { "start": {}, "end": {} }
        ]
      },
      "10": {
        "loc": { "start": { "line": 173, "column": 24 }, "end": { "line": 173, "column": 67 } },
        "type": "binary-expr",
        "locations": [
          { "start": { "line": 173, "column": 24 }, "end": { "line": 173, "column": 40 } },
          { "start": { "line": 173, "column": 40 }, "end": { "line": 173, "column": 67 } }
        ]
      },
      "11": {
        "loc": { "start": { "line": 204, "column": 28 }, "end": { "line": 206, "column": null } },
        "type": "if",
        "locations": [
          { "start": { "line": 204, "column": 28 }, "end": { "line": 206, "column": null } },
          { "start": {}, "end": {} }
        ]
      },
      "12": {
        "loc": { "start": { "line": 219, "column": 23 }, "end": { "line": 219, "column": null } },
        "type": "binary-expr",
        "locations": [
          { "start": { "line": 219, "column": 23 }, "end": { "line": 219, "column": null } }
        ]
      },
      "13": {
        "loc": { "start": { "line": 223, "column": 42 }, "end": { "line": 223, "column": null } },
        "type": "binary-expr",
        "locations": [
          { "start": { "line": 223, "column": 42 }, "end": { "line": 223, "column": 61 } },
          { "start": { "line": 223, "column": 65 }, "end": { "line": 223, "column": null } }
        ]
      },
      "14": {
        "loc": { "start": { "line": 225, "column": 30 }, "end": { "line": 227, "column": null } },
        "type": "if",
        "locations": [
          { "start": { "line": 225, "column": 30 }, "end": { "line": 227, "column": null } },
          { "start": {}, "end": {} }
        ]
      },
      "15": {
        "loc": { "start": { "line": 245, "column": 26 }, "end": { "line": 251, "column": null } },
        "type": "if",
        "locations": [
          { "start": { "line": 245, "column": 26 }, "end": { "line": 251, "column": null } },
          { "start": {}, "end": {} }
        ]
      },
      "16": {
        "loc": { "start": { "line": 265, "column": 9 }, "end": { "line": 265, "column": null } },
        "type": "binary-expr",
        "locations": [
          { "start": { "line": 265, "column": 9 }, "end": { "line": 265, "column": null } }
        ]
      }
    },
    "s": {
      "0": 0,
      "1": 0,
      "2": 0,
      "3": 0,
      "4": 0,
      "5": 0,
      "6": 0,
      "7": 0,
      "8": 0,
      "9": 0,
      "10": 0,
      "11": 0,
      "12": 0,
      "13": 0,
      "14": 0,
      "15": 0,
      "16": 0,
      "17": 0,
      "18": 0,
      "19": 0,
      "20": 0,
      "21": 0,
      "22": 0,
      "23": 0,
      "24": 0,
      "25": 0,
      "26": 0,
      "27": 0,
      "28": 0,
      "29": 0,
      "30": 0,
      "31": 0,
      "32": 0,
      "33": 0,
      "34": 0,
      "35": 0,
      "36": 0,
      "37": 0,
      "38": 0,
      "39": 0,
      "40": 0,
      "41": 0,
      "42": 0,
      "43": 0,
      "44": 0,
      "45": 0,
      "46": 0,
      "47": 0,
      "48": 0,
      "49": 0,
      "50": 0,
      "51": 0,
      "52": 0,
      "53": 0,
      "54": 0,
      "55": 0,
      "56": 0,
      "57": 0,
      "58": 0,
      "59": 0,
      "60": 0,
      "61": 0,
      "62": 0,
      "63": 0,
      "64": 0,
      "65": 0,
      "66": 0,
      "67": 0
    },
    "f": {
      "0": 0,
      "1": 0,
      "2": 0,
      "3": 0,
      "4": 0,
      "5": 0,
      "6": 0,
      "7": 0,
      "8": 0,
      "9": 0,
      "10": 0,
      "11": 0,
      "12": 0,
      "13": 0
    },
    "b": {
      "0": [0, 0],
      "1": [0, 0],
      "2": [0, 0],
      "3": [0, 0],
      "4": [0, 0],
      "5": [0, 0],
      "6": [0, 0],
      "7": [0, 0],
      "8": [0, 0, 0, 0],
      "9": [0, 0],
      "10": [0, 0],
      "11": [0, 0],
      "12": [0],
      "13": [0, 0],
      "14": [0, 0],
      "15": [0, 0],
      "16": [0]
    }
  },
  "C:\\Users\\Public\\hf-space-copy\\components\\auth\\auth-form.tsx": {
    "path": "C:\\Users\\Public\\hf-space-copy\\components\\auth\\auth-form.tsx",
    "statementMap": {
      "0": { "start": { "line": 16, "column": 16 }, "end": { "line": 16, "column": 25 } },
      "1": { "start": { "line": 5, "column": 25 }, "end": { "line": 5, "column": null } },
      "2": { "start": { "line": 6, "column": 29 }, "end": { "line": 6, "column": null } },
      "3": { "start": { "line": 7, "column": 23 }, "end": { "line": 7, "column": null } },
      "4": { "start": { "line": 8, "column": 22 }, "end": { "line": 8, "column": null } },
      "5": { "start": { "line": 9, "column": 74 }, "end": { "line": 9, "column": null } },
      "6": { "start": { "line": 10, "column": 22 }, "end": { "line": 10, "column": null } },
      "7": { "start": { "line": 17, "column": 28 }, "end": { "line": 17, "column": null } },
      "8": { "start": { "line": 18, "column": 34 }, "end": { "line": 18, "column": null } },
      "9": { "start": { "line": 19, "column": 34 }, "end": { "line": 19, "column": null } },
      "10": { "start": { "line": 20, "column": 32 }, "end": { "line": 20, "column": null } },
      "11": { "start": { "line": 21, "column": 32 }, "end": { "line": 21, "column": null } },
      "12": { "start": { "line": 23, "column": 19 }, "end": { "line": 23, "column": null } },
      "13": { "start": { "line": 25, "column": 23 }, "end": { "line": 60, "column": null } },
      "14": { "start": { "line": 26, "column": 4 }, "end": { "line": 26, "column": null } },
      "15": { "start": { "line": 27, "column": 4 }, "end": { "line": 27, "column": null } },
      "16": { "start": { "line": 28, "column": 4 }, "end": { "line": 28, "column": null } },
      "17": { "start": { "line": 30, "column": 4 }, "end": { "line": 59, "column": null } },
      "18": { "start": { "line": 31, "column": 6 }, "end": { "line": 54, "column": null } },
      "19": { "start": { "line": 32, "column": 26 }, "end": { "line": 43, "column": null } },
      "20": { "start": { "line": 45, "column": 8 }, "end": { "line": 45, "column": null } },
      "21": { "start": { "line": 45, "column": 19 }, "end": { "line": 45, "column": null } },
      "22": { "start": { "line": 46, "column": 8 }, "end": { "line": 46, "column": null } },
      "23": { "start": { "line": 48, "column": 26 }, "end": { "line": 51, "column": null } },
      "24": { "start": { "line": 53, "column": 8 }, "end": { "line": 53, "column": null } },
      "25": { "start": { "line": 53, "column": 19 }, "end": { "line": 53, "column": null } },
      "26": { "start": { "line": 56, "column": 6 }, "end": { "line": 56, "column": null } },
      "27": { "start": { "line": 58, "column": 6 }, "end": { "line": 58, "column": null } },
      "28": { "start": { "line": 83, "column": 31 }, "end": { "line": 83, "column": null } },
      "29": { "start": { "line": 95, "column": 29 }, "end": { "line": 95, "column": null } },
      "30": { "start": { "line": 106, "column": 29 }, "end": { "line": 106, "column": null } }
    },
    "fnMap": {
      "0": {
        "name": "AuthForm",
        "decl": { "start": { "line": 16, "column": 16 }, "end": { "line": 16, "column": 25 } },
        "loc": { "start": { "line": 16, "column": 48 }, "end": { "line": 126, "column": null } }
      },
      "1": {
        "name": "(anonymous_2)",
        "decl": { "start": { "line": 25, "column": 23 }, "end": { "line": 25, "column": 30 } },
        "loc": { "start": { "line": 25, "column": 30 }, "end": { "line": 60, "column": null } }
      },
      "2": {
        "name": "(anonymous_3)",
        "decl": { "start": { "line": 83, "column": 26 }, "end": { "line": 83, "column": 31 } },
        "loc": { "start": { "line": 83, "column": 31 }, "end": { "line": 83, "column": null } }
      },
      "3": {
        "name": "(anonymous_4)",
        "decl": { "start": { "line": 95, "column": 24 }, "end": { "line": 95, "column": 29 } },
        "loc": { "start": { "line": 95, "column": 29 }, "end": { "line": 95, "column": null } }
      },
      "4": {
        "name": "(anonymous_5)",
        "decl": { "start": { "line": 106, "column": 24 }, "end": { "line": 106, "column": 29 } },
        "loc": { "start": { "line": 106, "column": 29 }, "end": { "line": 106, "column": null } }
      }
    },
    "branchMap": {
      "0": {
        "loc": { "start": { "line": 31, "column": 6 }, "end": { "line": 54, "column": null } },
        "type": "if",
        "locations": [
          { "start": { "line": 31, "column": 6 }, "end": { "line": 54, "column": null } },
          { "start": { "line": 47, "column": 13 }, "end": { "line": 54, "column": null } }
        ]
      },
      "1": {
        "loc": { "start": { "line": 40, "column": 14 }, "end": { "line": 41, "column": 51 } },
        "type": "binary-expr",
        "locations": [
          { "start": { "line": 40, "column": 14 }, "end": { "line": 40, "column": 63 } },
          { "start": { "line": 41, "column": 14 }, "end": { "line": 41, "column": 51 } }
        ]
      },
      "2": {
        "loc": { "start": { "line": 45, "column": 8 }, "end": { "line": 45, "column": null } },
        "type": "if",
        "locations": [
          { "start": { "line": 45, "column": 8 }, "end": { "line": 45, "column": null } },
          { "start": {}, "end": {} }
        ]
      },
      "3": {
        "loc": { "start": { "line": 53, "column": 8 }, "end": { "line": 53, "column": null } },
        "type": "if",
        "locations": [
          { "start": { "line": 53, "column": 8 }, "end": { "line": 53, "column": null } },
          { "start": {}, "end": {} }
        ]
      },
      "4": {
        "loc": { "start": { "line": 66, "column": 11 }, "end": { "line": 66, "column": null } },
        "type": "cond-expr",
        "locations": [
          { "start": { "line": 66, "column": 31 }, "end": { "line": 66, "column": 48 } },
          { "start": { "line": 66, "column": 48 }, "end": { "line": 66, "column": null } }
        ]
      },
      "5": {
        "loc": { "start": { "line": 69, "column": 11 }, "end": { "line": 71, "column": null } },
        "type": "cond-expr",
        "locations": [
          { "start": { "line": 70, "column": 14 }, "end": { "line": 70, "column": null } },
          { "start": { "line": 71, "column": 14 }, "end": { "line": 71, "column": null } }
        ]
      },
      "6": {
        "loc": { "start": { "line": 76, "column": 11 }, "end": { "line": 76, "column": null } },
        "type": "binary-expr",
        "locations": [
          { "start": { "line": 76, "column": 11 }, "end": { "line": 76, "column": null } }
        ]
      },
      "7": {
        "loc": { "start": { "line": 112, "column": 13 }, "end": { "line": 112, "column": null } },
        "type": "cond-expr",
        "locations": [
          { "start": { "line": 112, "column": 23 }, "end": { "line": 112, "column": 38 } },
          { "start": { "line": 112, "column": 38 }, "end": { "line": 112, "column": null } }
        ]
      },
      "8": {
        "loc": { "start": { "line": 112, "column": 38 }, "end": { "line": 112, "column": null } },
        "type": "cond-expr",
        "locations": [
          { "start": { "line": 112, "column": 58 }, "end": { "line": 112, "column": 70 } },
          { "start": { "line": 112, "column": 70 }, "end": { "line": 112, "column": null } }
        ]
      },
      "9": {
        "loc": { "start": { "line": 115, "column": 11 }, "end": { "line": 115, "column": null } },
        "type": "binary-expr",
        "locations": [
          { "start": { "line": 115, "column": 11 }, "end": { "line": 115, "column": null } }
        ]
      },
      "10": {
        "loc": { "start": { "line": 117, "column": 48 }, "end": { "line": 117, "column": 139 } },
        "type": "cond-expr",
        "locations": [
          { "start": { "line": 117, "column": 105 }, "end": { "line": 117, "column": 122 } },
          { "start": { "line": 117, "column": 122 }, "end": { "line": 117, "column": 139 } }
        ]
      },
      "11": {
        "loc": { "start": { "line": 117, "column": 48 }, "end": { "line": 117, "column": 105 } },
        "type": "binary-expr",
        "locations": [
          { "start": { "line": 117, "column": 48 }, "end": { "line": 117, "column": 77 } },
          { "start": { "line": 117, "column": 77 }, "end": { "line": 117, "column": 105 } }
        ]
      }
    },
    "s": {
      "0": 0,
      "1": 0,
      "2": 0,
      "3": 0,
      "4": 0,
      "5": 0,
      "6": 0,
      "7": 0,
      "8": 0,
      "9": 0,
      "10": 0,
      "11": 0,
      "12": 0,
      "13": 0,
      "14": 0,
      "15": 0,
      "16": 0,
      "17": 0,
      "18": 0,
      "19": 0,
      "20": 0,
      "21": 0,
      "22": 0,
      "23": 0,
      "24": 0,
      "25": 0,
      "26": 0,
      "27": 0,
      "28": 0,
      "29": 0,
      "30": 0
    },
    "f": { "0": 0, "1": 0, "2": 0, "3": 0, "4": 0 },
    "b": {
      "0": [0, 0],
      "1": [0, 0],
      "2": [0, 0],
      "3": [0, 0],
      "4": [0, 0],
      "5": [0, 0],
      "6": [0],
      "7": [0, 0],
      "8": [0, 0],
      "9": [0],
      "10": [0, 0],
      "11": [0, 0]
    }
  },
  "C:\\Users\\Public\\hf-space-copy\\components\\auth\\protected-route.tsx": {
    "path": "C:\\Users\\Public\\hf-space-copy\\components\\auth\\protected-route.tsx",
    "statementMap": {
      "0": { "start": { "line": 16, "column": 16 }, "end": { "line": 16, "column": 31 } },
      "1": { "start": { "line": 5, "column": 24 }, "end": { "line": 5, "column": null } },
      "2": { "start": { "line": 7, "column": 26 }, "end": { "line": 7, "column": null } },
      "3": { "start": { "line": 8, "column": 26 }, "end": { "line": 8, "column": null } },
      "4": { "start": { "line": 21, "column": 28 }, "end": { "line": 21, "column": null } },
      "5": { "start": { "line": 22, "column": 17 }, "end": { "line": 22, "column": null } },
      "6": { "start": { "line": 24, "column": 2 }, "end": { "line": 36, "column": null } },
      "7": { "start": { "line": 25, "column": 4 }, "end": { "line": 35, "column": null } },
      "8": { "start": { "line": 26, "column": 6 }, "end": { "line": 29, "column": null } },
      "9": { "start": { "line": 27, "column": 8 }, "end": { "line": 27, "column": null } },
      "10": { "start": { "line": 28, "column": 8 }, "end": { "line": 28, "column": null } },
      "11": { "start": { "line": 31, "column": 6 }, "end": { "line": 34, "column": null } },
      "12": { "start": { "line": 32, "column": 8 }, "end": { "line": 32, "column": null } },
      "13": { "start": { "line": 33, "column": 8 }, "end": { "line": 33, "column": null } },
      "14": { "start": { "line": 38, "column": 2 }, "end": { "line": 47, "column": null } },
      "15": { "start": { "line": 49, "column": 2 }, "end": { "line": 51, "column": null } },
      "16": { "start": { "line": 50, "column": 4 }, "end": { "line": 50, "column": null } }
    },
    "fnMap": {
      "0": {
        "name": "ProtectedRoute",
        "decl": { "start": { "line": 16, "column": 16 }, "end": { "line": 16, "column": 31 } },
        "loc": { "start": { "line": 20, "column": 22 }, "end": { "line": 54, "column": null } }
      },
      "1": {
        "name": "(anonymous_2)",
        "decl": { "start": { "line": 24, "column": 12 }, "end": { "line": 24, "column": null } },
        "loc": { "start": { "line": 24, "column": 12 }, "end": { "line": 36, "column": 5 } }
      }
    },
    "branchMap": {
      "0": {
        "loc": { "start": { "line": 19, "column": 2 }, "end": { "line": 19, "column": 29 } },
        "type": "default-arg",
        "locations": [
          { "start": { "line": 19, "column": 15 }, "end": { "line": 19, "column": 29 } }
        ]
      },
      "1": {
        "loc": { "start": { "line": 25, "column": 4 }, "end": { "line": 35, "column": null } },
        "type": "if",
        "locations": [
          { "start": { "line": 25, "column": 4 }, "end": { "line": 35, "column": null } },
          { "start": {}, "end": {} }
        ]
      },
      "2": {
[...]
    "path": "C:\\Users\\Public\\hf-space-copy\\components\\ui\\dialog.tsx",
    "statementMap": {
      "0": { "start": { "line": 94, "column": 2 }, "end": { "line": 94, "column": 8 } },
      "1": { "start": { "line": 97, "column": 2 }, "end": { "line": 97, "column": 13 } },
      "2": { "start": { "line": 99, "column": 2 }, "end": { "line": 99, "column": 15 } },
      "3": { "start": { "line": 103, "column": 2 }, "end": { "line": 103, "column": 19 } },
      "4": { "start": { "line": 101, "column": 2 }, "end": { "line": 101, "column": 14 } },
      "5": { "start": { "line": 100, "column": 2 }, "end": { "line": 100, "column": 14 } },
      "6": { "start": { "line": 96, "column": 2 }, "end": { "line": 96, "column": 15 } },
      "7": { "start": { "line": 95, "column": 2 }, "end": { "line": 95, "column": 14 } },
      "8": { "start": { "line": 102, "column": 2 }, "end": { "line": 102, "column": 13 } },
      "9": { "start": { "line": 98, "column": 2 }, "end": { "line": 98, "column": 15 } },
      "10": { "start": { "line": 3, "column": 23 }, "end": { "line": 3, "column": null } },
      "11": { "start": { "line": 4, "column": 33 }, "end": { "line": 4, "column": null } },
      "12": { "start": { "line": 5, "column": 18 }, "end": { "line": 5, "column": null } },
      "13": { "start": { "line": 7, "column": 19 }, "end": { "line": 7, "column": null } },
      "14": { "start": { "line": 9, "column": 15 }, "end": { "line": 9, "column": 35 } },
      "15": { "start": { "line": 11, "column": 22 }, "end": { "line": 11, "column": 45 } },
      "16": { "start": { "line": 13, "column": 21 }, "end": { "line": 13, "column": 43 } },
      "17": { "start": { "line": 15, "column": 20 }, "end": { "line": 15, "column": 41 } },
      "18": { "start": { "line": 30, "column": 0 }, "end": { "line": 30, "column": null } },
      "19": { "start": { "line": 54, "column": 0 }, "end": { "line": 54, "column": null } },
      "20": { "start": { "line": 59, "column": 0 }, "end": { "line": 59, "column": null } },
      "21": { "start": { "line": 67, "column": 0 }, "end": { "line": 67, "column": null } },
      "22": { "start": { "line": 79, "column": 0 }, "end": { "line": 79, "column": null } },
      "23": { "start": { "line": 91, "column": 0 }, "end": { "line": 91, "column": null } }
    },
    "fnMap": {},
    "branchMap": {},
    "s": {
      "0": 0,
      "1": 0,
      "2": 0,
      "3": 0,
      "4": 0,
      "5": 0,
      "6": 0,
      "7": 0,
      "8": 0,
      "9": 0,
      "10": 0,
      "11": 0,
      "12": 0,
      "13": 0,
      "14": 0,
      "15": 0,
      "16": 0,
      "17": 0,
      "18": 0,
      "19": 0,
      "20": 0,
      "21": 0,
      "22": 0,
      "23": 0
    },
    "f": {},
    "b": {}
  },
  "C:\\Users\\Public\\hf-space-copy\\components\\ui\\index.ts": {
    "path": "C:\\Users\\Public\\hf-space-copy\\components\\ui\\index.ts",
    "statementMap": {
      "0": { "start": { "line": 2, "column": 20 }, "end": { "line": 2, "column": 34 } },
      "1": { "start": { "line": 1, "column": 20 }, "end": { "line": 1, "column": 33 } },
      "2": { "start": { "line": 1, "column": 33 }, "end": { "line": 1, "column": null } },
      "3": { "start": { "line": 2, "column": 34 }, "end": { "line": 2, "column": null } }
    },
    "fnMap": {},
    "branchMap": {},
    "s": { "0": 0, "1": 0, "2": 0, "3": 0 },
    "f": {},
    "b": {}
  },
  "C:\\Users\\Public\\hf-space-copy\\components\\ui\\input.tsx": {
    "path": "C:\\Users\\Public\\hf-space-copy\\components\\ui\\input.tsx",
    "statementMap": {
      "0": { "start": { "line": 6, "column": 16 }, "end": { "line": 6, "column": 21 } },
      "1": { "start": { "line": 15, "column": 0 }, "end": { "line": 15, "column": 15 } },
      "2": { "start": { "line": 2, "column": 18 }, "end": { "line": 2, "column": null } },
      "3": { "start": { "line": 15, "column": 15 }, "end": { "line": 15, "column": 21 } }
    },
    "fnMap": {
      "0": {
        "name": "Input",
        "decl": { "start": { "line": 6, "column": 16 }, "end": { "line": 6, "column": 21 } },
        "loc": { "start": { "line": 6, "column": 39 }, "end": { "line": 13, "column": null } }
      }
    },
    "branchMap": {
      "0": {
        "loc": { "start": { "line": 10, "column": 126 }, "end": { "line": 10, "column": 148 } },
        "type": "binary-expr",
        "locations": [
          { "start": { "line": 10, "column": 126 }, "end": { "line": 10, "column": 141 } },
          { "start": { "line": 10, "column": 145 }, "end": { "line": 10, "column": 148 } }
        ]
      }
    },
    "s": { "0": 0, "1": 0, "2": 0, "3": 0 },
    "f": { "0": 0 },
    "b": { "0": [0, 0] }
  },
  "C:\\Users\\Public\\hf-space-copy\\components\\ui\\label.tsx": {
    "path": "C:\\Users\\Public\\hf-space-copy\\components\\ui\\label.tsx",
    "statementMap": {
      "0": { "start": { "line": 29, "column": 16 }, "end": { "line": 29, "column": 21 } },
      "1": { "start": { "line": 37, "column": 0 }, "end": { "line": 37, "column": 15 } },
      "2": { "start": { "line": 1, "column": 23 }, "end": { "line": 1, "column": null } },
      "3": { "start": { "line": 2, "column": 39 }, "end": { "line": 2, "column": null } },
      "4": { "start": { "line": 3, "column": 19 }, "end": { "line": 3, "column": null } },
      "5": { "start": { "line": 5, "column": 22 }, "end": { "line": 20, "column": null } },
      "6": { "start": { "line": 37, "column": 15 }, "end": { "line": 37, "column": 21 } }
    },
    "fnMap": {
      "0": {
        "name": "Label",
        "decl": { "start": { "line": 29, "column": 16 }, "end": { "line": 29, "column": 21 } },
        "loc": { "start": { "line": 29, "column": 82 }, "end": { "line": 35, "column": null } }
      }
    },
    "branchMap": {},
    "s": { "0": 0, "1": 0, "2": 0, "3": 0, "4": 0, "5": 0, "6": 0 },
    "f": { "0": 0 },
    "b": {}
  },
  "C:\\Users\\Public\\hf-space-copy\\components\\ui\\popover.tsx": {
    "path": "C:\\Users\\Public\\hf-space-copy\\components\\ui\\popover.tsx",
    "statementMap": {
      "0": { "start": { "line": 31, "column": 9 }, "end": { "line": 31, "column": 16 } },
      "1": { "start": { "line": 31, "column": 34 }, "end": { "line": 31, "column": 48 } },
      "2": { "start": { "line": 31, "column": 18 }, "end": { "line": 31, "column": 32 } },
      "3": { "start": { "line": 3, "column": 23 }, "end": { "line": 3, "column": null } },
      "4": { "start": { "line": 4, "column": 34 }, "end": { "line": 4, "column": null } },
      "5": { "start": { "line": 6, "column": 19 }, "end": { "line": 6, "column": null } },
      "6": { "start": { "line": 8, "column": 16 }, "end": { "line": 8, "column": 37 } },
      "7": { "start": { "line": 10, "column": 23 }, "end": { "line": 10, "column": 47 } },
      "8": { "start": { "line": 29, "column": 0 }, "end": { "line": 29, "column": null } }
    },
    "fnMap": {},
    "branchMap": {
      "0": {
        "loc": { "start": { "line": 15, "column": 16 }, "end": { "line": 15, "column": 32 } },
        "type": "default-arg",
        "locations": [
          { "start": { "line": 15, "column": 24 }, "end": { "line": 15, "column": 32 } }
        ]
      },
      "1": {
        "loc": { "start": { "line": 15, "column": 34 }, "end": { "line": 15, "column": 48 } },
        "type": "default-arg",
        "locations": [
          { "start": { "line": 15, "column": 47 }, "end": { "line": 15, "column": 48 } }
        ]
      }
    },
    "s": { "0": 0, "1": 0, "2": 0, "3": 0, "4": 0, "5": 0, "6": 0, "7": 0, "8": 0 },
    "f": {},
    "b": { "0": [0], "1": [0] }
  },
  "C:\\Users\\Public\\hf-space-copy\\components\\ui\\progress.tsx": {
    "path": "C:\\Users\\Public\\hf-space-copy\\components\\ui\\progress.tsx",
    "statementMap": {
      "0": { "start": { "line": 25, "column": 9 }, "end": { "line": 25, "column": null } },
      "1": { "start": { "line": 3, "column": 23 }, "end": { "line": 3, "column": null } },
      "2": { "start": { "line": 4, "column": 35 }, "end": { "line": 4, "column": null } },
      "3": { "start": { "line": 6, "column": 19 }, "end": { "line": 6, "column": null } },
      "4": { "start": { "line": 23, "column": 0 }, "end": { "line": 23, "column": null } }
    },
    "fnMap": {},
    "branchMap": {
      "0": {
        "loc": { "start": { "line": 19, "column": 48 }, "end": { "line": 19, "column": 60 } },
        "type": "binary-expr",
        "locations": [
          { "start": { "line": 19, "column": 48 }, "end": { "line": 19, "column": 57 } },
          { "start": { "line": 19, "column": 57 }, "end": { "line": 19, "column": 60 } }
        ]
      }
    },
    "s": { "0": 0, "1": 0, "2": 0, "3": 0, "4": 0 },
    "f": {},
    "b": { "0": [0, 0] }
  },
  "C:\\Users\\Public\\hf-space-copy\\components\\ui\\select.tsx": {
    "path": "C:\\Users\\Public\\hf-space-copy\\components\\ui\\select.tsx",
    "statementMap": {
      "0": { "start": { "line": 143, "column": 2 }, "end": { "line": 143, "column": 8 } },
      "1": { "start": { "line": 147, "column": 2 }, "end": { "line": 147, "column": 15 } },
      "2": { "start": { "line": 144, "column": 2 }, "end": { "line": 144, "column": 13 } },
      "3": { "start": { "line": 149, "column": 2 }, "end": { "line": 149, "column": 12 } },
      "4": { "start": { "line": 148, "column": 2 }, "end": { "line": 148, "column": 13 } },
      "5": { "start": { "line": 152, "column": 2 }, "end": { "line": 152, "column": 24 } },
      "6": { "start": { "line": 151, "column": 2 }, "end": { "line": 151, "column": 22 } },
      "7": { "start": { "line": 150, "column": 2 }, "end": { "line": 150, "column": 17 } },
      "8": { "start": { "line": 146, "column": 2 }, "end": { "line": 146, "column": 15 } },
      "9": { "start": { "line": 145, "column": 2 }, "end": { "line": 145, "column": 13 } },
      "10": { "start": { "line": 3, "column": 23 }, "end": { "line": 3, "column": null } },
      "11": { "start": { "line": 4, "column": 33 }, "end": { "line": 4, "column": null } },
      "12": { "start": { "line": 5, "column": 46 }, "end": { "line": 5, "column": null } },
      "13": { "start": { "line": 7, "column": 19 }, "end": { "line": 7, "column": null } },
      "14": { "start": { "line": 9, "column": 15 }, "end": { "line": 9, "column": 35 } },
      "15": { "start": { "line": 11, "column": 20 }, "end": { "line": 11, "column": 41 } },
      "16": { "start": { "line": 13, "column": 20 }, "end": { "line": 13, "column": 41 } },
      "17": { "start": { "line": 33, "column": 0 }, "end": { "line": 33, "column": null } },
      "18": { "start": { "line": 47, "column": 0 }, "end": { "line": 47, "column": null } },
      "19": { "start": { "line": 61, "column": 0 }, "end": { "line": 61, "column": null } },
      "20": { "start": { "line": 93, "column": 0 }, "end": { "line": 93, "column": null } },
      "21": { "start": { "line": 105, "column": 0 }, "end": { "line": 105, "column": null } },
      "22": { "start": { "line": 128, "column": 0 }, "end": { "line": 128, "column": null } },
      "23": { "start": { "line": 140, "column": 0 }, "end": { "line": 140, "column": null } }
    },
    "fnMap": {},
    "branchMap": {
      "0": {
        "loc": { "start": { "line": 66, "column": 26 }, "end": { "line": 66, "column": 45 } },
        "type": "default-arg",
        "locations": [
          { "start": { "line": 66, "column": 37 }, "end": { "line": 66, "column": 45 } }
        ]
      },
      "1": {
        "loc": { "start": { "line": 72, "column": 8 }, "end": { "line": 73, "column": null } },
        "type": "binary-expr",
        "locations": [
          { "start": { "line": 72, "column": 8 }, "end": { "line": 72, "column": null } },
          { "start": { "line": 73, "column": 10 }, "end": { "line": 73, "column": null } }
        ]
      },
      "2": {
        "loc": { "start": { "line": 83, "column": 10 }, "end": { "line": 84, "column": null } },
        "type": "binary-expr",
        "locations": [
          { "start": { "line": 83, "column": 10 }, "end": { "line": 83, "column": null } },
          { "start": { "line": 84, "column": 12 }, "end": { "line": 84, "column": null } }
        ]
      }
    },
    "s": {
      "0": 0,
      "1": 0,
      "2": 0,
      "3": 0,
      "4": 0,
      "5": 0,
      "6": 0,
      "7": 0,
      "8": 0,
      "9": 0,
      "10": 0,
      "11": 0,
      "12": 0,
      "13": 0,
      "14": 0,
      "15": 0,
      "16": 0,
      "17": 0,
      "18": 0,
      "19": 0,
      "20": 0,
      "21": 0,
      "22": 0,
      "23": 0
    },
    "f": {},
    "b": { "0": [0], "1": [0, 0], "2": [0, 0] }
  },
  "C:\\Users\\Public\\hf-space-copy\\components\\ui\\textarea.tsx": {
    "path": "C:\\Users\\Public\\hf-space-copy\\components\\ui\\textarea.tsx",
    "statementMap": {
      "0": { "start": { "line": 24, "column": 9 }, "end": { "line": 24, "column": null } },
      "1": { "start": { "line": 1, "column": 23 }, "end": { "line": 1, "column": null } },
      "2": { "start": { "line": 3, "column": 19 }, "end": { "line": 3, "column": null } },
      "3": { "start": { "line": 7, "column": 17 }, "end": { "line": 19, "column": null } },
      "4": { "start": { "line": 22, "column": 0 }, "end": { "line": 22, "column": null } }
    },
    "fnMap": {
      "0": {
        "name": "(anonymous_4)",
        "decl": { "start": { "line": 8, "column": 2 }, "end": { "line": 8, "column": 3 } },
        "loc": { "start": { "line": 8, "column": 28 }, "end": { "line": 19, "column": null } }
      }
    },
    "branchMap": {},
    "s": { "0": 0, "1": 0, "2": 0, "3": 0, "4": 0 },
    "f": { "0": 0 },
    "b": {}
  },
  "C:\\Users\\Public\\hf-space-copy\\utils\\env.js": {
    "path": "C:\\Users\\Public\\hf-space-copy\\utils\\env.js",
    "statementMap": {
      "0": { "start": { "line": 2, "column": 16 }, "end": { "line": 2, "column": 23 } },
      "1": { "start": { "line": 3, "column": 14 }, "end": { "line": 3, "column": 31 } },
      "2": { "start": { "line": 4, "column": 2 }, "end": { "line": 7, "column": null } },
      "3": { "start": { "line": 5, "column": 4 }, "end": { "line": 5, "column": null } },
      "4": { "start": { "line": 5, "column": 32 }, "end": { "line": 5, "column": null } },
      "5": { "start": { "line": 6, "column": 4 }, "end": { "line": 6, "column": null } },
      "6": { "start": { "line": 8, "column": 2 }, "end": { "line": 8, "column": null } }
    },
    "fnMap": {
      "0": {
        "name": "getEnv",
        "decl": { "start": { "line": 2, "column": 16 }, "end": { "line": 2, "column": 23 } },
        "loc": { "start": { "line": 2, "column": 37 }, "end": { "line": 9, "column": null } }
      }
    },
    "branchMap": {
      "0": {
        "loc": { "start": { "line": 4, "column": 2 }, "end": { "line": 7, "column": null } },
        "type": "if",
        "locations": [
          { "start": { "line": 4, "column": 2 }, "end": { "line": 7, "column": null } },
          { "start": {}, "end": {} }
        ]
      },
      "1": {
        "loc": { "start": { "line": 5, "column": 4 }, "end": { "line": 5, "column": null } },
        "type": "if",
        "locations": [
          { "start": { "line": 5, "column": 4 }, "end": { "line": 5, "column": null } },
          { "start": {}, "end": {} }
        ]
      }
    },
    "s": { "0": 0, "1": 0, "2": 0, "3": 0, "4": 0, "5": 0, "6": 0 },
    "f": { "0": 0 },
    "b": { "0": [0, 0], "1": [0, 0] }
  },
  "C:\\Users\\Public\\hf-space-copy\\utils\\googleAuth.js": {
    "path": "C:\\Users\\Public\\hf-space-copy\\utils\\googleAuth.js",
    "statementMap": {
      "0": { "start": { "line": 27, "column": 22 }, "end": { "line": 27, "column": 48 } },
      "1": { "start": { "line": 40, "column": 22 }, "end": { "line": 40, "column": 48 } },
      "2": { "start": { "line": 2, "column": 34 }, "end": { "line": 2, "column": null } },
      "3": { "start": { "line": 3, "column": 20 }, "end": { "line": 3, "column": null } },
      "4": { "start": { "line": 10, "column": 12 }, "end": { "line": 10, "column": 96 } },
      "5": { "start": { "line": 11, "column": 2 }, "end": { "line": 11, "column": null } },
      "6": { "start": { "line": 11, "column": 12 }, "end": { "line": 11, "column": null } },
      "7": { "start": { "line": 13, "column": 2 }, "end": { "line": 15, "column": null } },
      "8": { "start": { "line": 14, "column": 4 }, "end": { "line": 14, "column": null } },
      "9": { "start": { "line": 17, "column": 18 }, "end": { "line": 17, "column": null } },
      "10": { "start": { "line": 20, "column": 2 }, "end": { "line": 22, "column": null } },
      "11": { "start": { "line": 21, "column": 4 }, "end": { "line": 21, "column": null } },
      "12": { "start": { "line": 24, "column": 2 }, "end": { "line": 24, "column": null } },
      "13": { "start": { "line": 28, "column": 16 }, "end": { "line": 28, "column": null } },
      "14": { "start": { "line": 29, "column": 15 }, "end": { "line": 33, "column": null } },
      "15": { "start": { "line": 35, "column": 14 }, "end": { "line": 35, "column": null } },
      "16": { "start": { "line": 36, "column": 2 }, "end": { "line": 36, "column": null } },
      "17": { "start": { "line": 37, "column": 2 }, "end": { "line": 37, "column": null } },
      "18": { "start": { "line": 41, "column": 14 }, "end": { "line": 41, "column": null } },
      "19": { "start": { "line": 42, "column": 2 }, "end": { "line": 42, "column": null } },
      "20": { "start": { "line": 43, "column": 2 }, "end": { "line": 43, "column": null } }
    },
    "fnMap": {
      "0": {
        "name": "parseServiceAccountKey",
        "decl": { "start": { "line": 9, "column": 9 }, "end": { "line": 9, "column": null } },
        "loc": { "start": { "line": 9, "column": 9 }, "end": { "line": 25, "column": null } }
      },
      "1": {
        "name": "getGoogleSpreadsheetClient",
        "decl": { "start": { "line": 27, "column": 22 }, "end": { "line": 27, "column": 48 } },
        "loc": { "start": { "line": 27, "column": 62 }, "end": { "line": 38, "column": null } }
      },
      "2": {
        "name": "testGoogleSheetsConnection",
        "decl": { "start": { "line": 40, "column": 22 }, "end": { "line": 40, "column": 48 } },
        "loc": { "start": { "line": 40, "column": 62 }, "end": { "line": 44, "column": null } }
      }
    },
    "branchMap": {
      "0": {
        "loc": { "start": { "line": 10, "column": 12 }, "end": { "line": 10, "column": 96 } },
        "type": "binary-expr",
        "locations": [
          { "start": { "line": 10, "column": 12 }, "end": { "line": 10, "column": 54 } },
          { "start": { "line": 10, "column": 58 }, "end": { "line": 10, "column": 96 } }
        ]
      },
      "1": {
        "loc": { "start": { "line": 11, "column": 2 }, "end": { "line": 11, "column": null } },
        "type": "if",
        "locations": [
          { "start": { "line": 11, "column": 2 }, "end": { "line": 11, "column": null } },
          { "start": {}, "end": {} }
        ]
      },
      "2": {
        "loc": { "start": { "line": 13, "column": 2 }, "end": { "line": 15, "column": null } },
        "type": "if",
        "locations": [
          { "start": { "line": 13, "column": 2 }, "end": { "line": 15, "column": null } },
          { "start": {}, "end": {} }
        ]
      },
      "3": {
        "loc": { "start": { "line": 20, "column": 2 }, "end": { "line": 22, "column": null } },
        "type": "if",
        "locations": [
          { "start": { "line": 20, "column": 2 }, "end": { "line": 22, "column": null } },
          { "start": {}, "end": {} }
        ]
      }
    },
    "s": {
      "0": 0,
      "1": 0,
      "2": 0,
      "3": 0,
      "4": 0,
      "5": 0,
      "6": 0,
      "7": 0,
      "8": 0,
      "9": 0,
      "10": 0,
      "11": 0,
      "12": 0,
      "13": 0,
      "14": 0,
      "15": 0,
      "16": 0,
      "17": 0,
      "18": 0,
      "19": 0,
      "20": 0
    },
    "f": { "0": 0, "1": 0, "2": 0 },
    "b": { "0": [0, 0], "1": [0, 0], "2": [0, 0], "3": [0, 0] }
  }
}
