TN:
SF:components\ui\badge.tsx
FN:29,Badge
FNF:1
FNH:1
FNDA:1,Badge
DA:6,1
DA:30,1
LF:2
LH:2
BRF:0
BRH:0
end_of_record
TN:
SF:components\ui\button.tsx
FN:53,(anonymous_0)
FNF:1
FNH:1
FNDA:1,(anonymous_0)
DA:6,1
DA:52,1
DA:54,1
DA:56,1
DA:68,1
LF:5
LH:5
BRDA:54,0,0,1
BRDA:54,0,1,1
BRDA:54,0,2,1
BRF:3
BRH:3
end_of_record
TN:
SF:components\ui\card.tsx
FN:12,(anonymous_0)
FN:29,(anonymous_1)
FN:42,(anonymous_2)
FN:55,(anonymous_3)
FN:68,(anonymous_4)
FN:81,(anonymous_5)
FNF:6
FNH:6
FNDA:1,(anonymous_0)
FNDA:1,(anonymous_1)
FNDA:1,(anonymous_2)
FNDA:1,(anonymous_3)
FNDA:1,(anonymous_4)
FNDA:1,(anonymous_5)
DA:11,1
DA:13,1
DA:24,1
DA:28,1
DA:30,1
DA:37,1
DA:41,1
DA:43,1
DA:50,1
DA:54,1
DA:56,1
DA:63,1
DA:67,1
DA:69,1
DA:76,1
DA:80,1
DA:82,1
DA:89,1
LF:18
LH:18
BRF:0
BRH:0
end_of_record
TN:
SF:components\ui\input.tsx
FN:6,Input
FNF:1
FNH:1
FNDA:1,Input
DA:7,1
LF:1
LH:1
BRDA:10,0,0,1
BRDA:10,0,1,1
BRF:2
BRH:2
end_of_record
TN:
SF:components\ui\label.tsx
FN:29,Label
FNF:1
FNH:1
FNDA:1,Label
DA:5,1
DA:30,1
LF:2
LH:2
BRF:0
BRH:0
end_of_record
TN:
SF:components\ui\textarea.tsx
FN:8,(anonymous_0)
FNF:1
FNH:1
FNDA:1,(anonymous_0)
DA:7,1
DA:9,1
DA:22,1
LF:3
LH:3
BRF:0
BRH:0
end_of_record
TN:
SF:lib\utils.ts
FN:4,cn
FNF:1
FNH:1
FNDA:10,cn
DA:5,10
LF:1
LH:1
BRF:0
BRH:0
end_of_record
